!SESSION 2021-10-26 21:04:00.756 -----------------------------------------------
eclipse.buildId=unknown
java.version=14.0.2
java.vendor=AdoptOpenJDK
BootLoader constants: OS=win32, ARCH=x86_64, WS=win32, NL=en_US
Command-line arguments:  -os win32 -ws win32 -arch x86_64

!ENTRY org.eclipse.egit.ui 2 0 2021-10-26 21:04:30.905
!MESSAGE Warning: The environment variable HOME is not set. The following directory will be used to store the Git
user global configuration and to define the default location to store repositories: 'C:\Users\ITAUser'. If this is
not correct please set the HOME environment variable and restart Eclipse. Otherwise Git for Windows and
EGit might behave differently since they see different configuration options.
This warning can be switched off on the Team > Git > Confirmations and Warnings preference page.
!SESSION 2021-10-26 21:04:35.567 -----------------------------------------------
eclipse.buildId=unknown
java.version=14.0.2
java.vendor=AdoptOpenJDK
BootLoader constants: OS=win32, ARCH=x86_64, WS=win32, NL=en_US
Command-line arguments:  -os win32 -ws win32 -arch x86_64

!ENTRY org.eclipse.egit.ui 2 0 2021-10-26 21:04:43.274
!MESSAGE Warning: The environment variable HOME is not set. The following directory will be used to store the Git
user global configuration and to define the default location to store repositories: 'C:\Users\ITAUser'. If this is
not correct please set the HOME environment variable and restart Eclipse. Otherwise Git for Windows and
EGit might behave differently since they see different configuration options.
This warning can be switched off on the Team > Git > Confirmations and Warnings preference page.

!ENTRY org.brainwy.liclipsetext.shared_core 4 4 2021-10-26 21:04:45.295
!MESSAGE C:\Program Files\Brainwy\LiClipse 8.1.0\plugins\com.brainwy.liclipse.editor_8.1.0.202110030926\etc\daj4etzb11kc8zewhvx9qr8od (The system cannot find the path specified)
!STACK 0
java.io.FileNotFoundException: C:\Program Files\Brainwy\LiClipse 8.1.0\plugins\com.brainwy.liclipse.editor_8.1.0.202110030926\etc\daj4etzb11kc8zewhvx9qr8od (The system cannot find the path specified)
	at java.base/java.io.FileOutputStream.open0(Native Method)
	at java.base/java.io.FileOutputStream.open(Unknown Source)
	at java.base/java.io.FileOutputStream.<init>(Unknown Source)
	at java.base/java.io.FileOutputStream.<init>(Unknown Source)
	at org.brainwy.liclipsetext.shared_core.io.FileUtils.writeBytesToFile(FileUtils.java:140)
	at org.brainwy.liclipsetext.shared_core.io.FileUtils.writeStrToFile(FileUtils.java:133)
	at com.brainwy.liclipse.editor.lic.CheckRegistered.run(CheckRegistered.java:146)

!ENTRY org.python.pydev.shared_core 4 4 2021-10-26 21:16:50.686
!MESSAGE class [J cannot be cast to class [I ([J and [I are in module java.base of loader 'bootstrap')
!STACK 0
java.lang.ClassCastException: class [J cannot be cast to class [I ([J and [I are in module java.base of loader 'bootstrap')
	at at.jta.Regor._openKey(Regor.java:1376)
	at at.jta.Regor.openKey(Regor.java:1341)
	at org.python.pydev.ui.pythonpathconf.PythonInterpreterProviderFactory.getInterpreterProviders(PythonInterpreterProviderFactory.java:59)
	at org.python.pydev.ui.pythonpathconf.AutoConfigMaker$3.run(AutoConfigMaker.java:482)
	at org.eclipse.core.runtime.SafeRunner.run(SafeRunner.java:45)
	at org.python.pydev.ui.pythonpathconf.AutoConfigMaker.getAllProviders(AutoConfigMaker.java:479)
	at org.python.pydev.ui.pythonpathconf.AutoConfigMaker.getPossibleInterpreters(AutoConfigMaker.java:464)
	at org.python.pydev.ui.pythonpathconf.AutoConfigMaker.autoConfigSearch(AutoConfigMaker.java:204)
	at org.python.pydev.ui.pythonpathconf.AutoConfigMaker.autoConfigSingleApply(AutoConfigMaker.java:123)
	at org.python.pydev.ui.PyProjectPythonDetails$ProjectInterpreterAndGrammarConfig$2.widgetSelected(PyProjectPythonDetails.java:326)
	at org.eclipse.swt.widgets.TypedListener.handleEvent(TypedListener.java:252)
	at org.eclipse.swt.widgets.EventTable.sendEvent(EventTable.java:89)
	at org.eclipse.swt.widgets.Display.sendEvent(Display.java:4237)
	at org.eclipse.swt.widgets.Widget.sendEvent(Widget.java:1060)
	at org.eclipse.swt.widgets.Widget.sendEvent(Widget.java:1084)
	at org.eclipse.swt.widgets.Widget.sendSelectionEvent(Widget.java:1101)
	at org.eclipse.swt.widgets.Link.wmNotifyChild(Link.java:713)
	at org.eclipse.swt.widgets.Control.wmNotify(Control.java:5807)
	at org.eclipse.swt.widgets.Composite.wmNotify(Composite.java:1961)
	at org.eclipse.swt.widgets.Control.WM_NOTIFY(Control.java:5375)
	at org.eclipse.swt.widgets.Control.windowProc(Control.java:4809)
	at org.eclipse.swt.widgets.Display.windowProc(Display.java:4966)
	at org.eclipse.swt.internal.win32.OS.CallWindowProc(Native Method)
	at org.eclipse.swt.widgets.Link.callWindowProc(Link.java:161)
	at org.eclipse.swt.widgets.Widget.wmLButtonUp(Widget.java:1987)
	at org.eclipse.swt.widgets.Control.WM_LBUTTONUP(Control.java:5188)
	at org.eclipse.swt.widgets.Control.windowProc(Control.java:4790)
	at org.eclipse.swt.widgets.Display.windowProc(Display.java:4958)
	at org.eclipse.swt.internal.win32.OS.DispatchMessage(Native Method)
	at org.eclipse.swt.widgets.Display.readAndDispatch(Display.java:3624)
	at org.eclipse.jface.window.Window.runEventLoop(Window.java:823)
	at org.eclipse.jface.window.Window.open(Window.java:799)
	at org.eclipse.ui.internal.actions.NewWizardShortcutAction.run(NewWizardShortcutAction.java:130)
	at org.eclipse.jface.action.Action.runWithEvent(Action.java:474)
	at org.eclipse.jface.action.ActionContributionItem.handleWidgetSelection(ActionContributionItem.java:580)
	at org.eclipse.jface.action.ActionContributionItem.lambda$4(ActionContributionItem.java:414)
	at org.eclipse.swt.widgets.EventTable.sendEvent(EventTable.java:89)
	at org.eclipse.swt.widgets.Display.sendEvent(Display.java:4237)
	at org.eclipse.swt.widgets.Widget.sendEvent(Widget.java:1060)
	at org.eclipse.swt.widgets.Display.runDeferredEvents(Display.java:4054)
	at org.eclipse.swt.widgets.Display.readAndDispatch(Display.java:3626)
	at org.eclipse.e4.ui.internal.workbench.swt.PartRenderingEngine$5.run(PartRenderingEngine.java:1150)
	at org.eclipse.core.databinding.observable.Realm.runWithDefault(Realm.java:338)
	at org.eclipse.e4.ui.internal.workbench.swt.PartRenderingEngine.run(PartRenderingEngine.java:1041)
	at org.eclipse.e4.ui.internal.workbench.E4Workbench.createAndRunUI(E4Workbench.java:155)
	at org.eclipse.ui.internal.Workbench.lambda$3(Workbench.java:644)
	at org.eclipse.core.databinding.observable.Realm.runWithDefault(Realm.java:338)
	at org.eclipse.ui.internal.Workbench.createAndRunWorkbench(Workbench.java:551)
	at org.eclipse.ui.PlatformUI.createAndRunWorkbench(PlatformUI.java:156)
	at com.brainwy.liclipse.rcp.IDEApplication.start(IDEApplication.java:236)
	at org.eclipse.equinox.internal.app.EclipseAppHandle.run(EclipseAppHandle.java:203)
	at org.eclipse.core.runtime.internal.adaptor.EclipseAppLauncher.runApplication(EclipseAppLauncher.java:136)
	at org.eclipse.core.runtime.internal.adaptor.EclipseAppLauncher.start(EclipseAppLauncher.java:104)
	at org.eclipse.core.runtime.adaptor.EclipseStarter.run(EclipseStarter.java:401)
	at org.eclipse.core.runtime.adaptor.EclipseStarter.run(EclipseStarter.java:255)
	at java.base/jdk.internal.reflect.NativeMethodAccessorImpl.invoke0(Native Method)
	at java.base/jdk.internal.reflect.NativeMethodAccessorImpl.invoke(Unknown Source)
	at java.base/jdk.internal.reflect.DelegatingMethodAccessorImpl.invoke(Unknown Source)
	at java.base/java.lang.reflect.Method.invoke(Unknown Source)
	at org.eclipse.equinox.launcher.Main.invokeFramework(Main.java:659)
	at org.eclipse.equinox.launcher.Main.basicRun(Main.java:596)
	at org.eclipse.equinox.launcher.Main.run(Main.java:1467)

!ENTRY org.python.pydev.shared_core 4 4 2021-10-26 21:16:51.481
!MESSAGE No output was in the standard output when
trying to create the interpreter info for: C:\Users\ITAUser\AppData\Local\Microsoft\WindowsApps\python.exe
The error output contains:>>Python was not found; run without arguments to install from the Microsoft Store, or disable this shortcut from Settings > Manage App Execution Aliases.
<<
!STACK 0
java.lang.RuntimeException: No output was in the standard output when
trying to create the interpreter info for: C:\Users\ITAUser\AppData\Local\Microsoft\WindowsApps\python.exe
The error output contains:>>Python was not found; run without arguments to install from the Microsoft Store, or disable this shortcut from Settings > Manage App Execution Aliases.
<<
	at org.python.pydev.ast.interpreter_managers.AbstractInterpreterManager.createInfoFromOutput(AbstractInterpreterManager.java:372)
	at org.python.pydev.ast.interpreter_managers.PythonInterpreterManager.doCreateInterpreterInfo(PythonInterpreterManager.java:70)
	at org.python.pydev.ast.interpreter_managers.PythonInterpreterManager.internalCreateInterpreterInfo(PythonInterpreterManager.java:43)
	at org.python.pydev.ast.interpreter_managers.AbstractInterpreterManager.createInterpreterInfo(AbstractInterpreterManager.java:332)
	at org.python.pydev.ui.pythonpathconf.ObtainInterpreterInfoOperation.run(ObtainInterpreterInfoOperation.java:83)
	at org.eclipse.jface.operation.ModalContext$ModalContextThread.run(ModalContext.java:122)

!ENTRY org.python.pydev.shared_core 4 4 2021-10-26 21:20:48.654
!MESSAGE class [J cannot be cast to class [I ([J and [I are in module java.base of loader 'bootstrap')
!STACK 0
java.lang.ClassCastException: class [J cannot be cast to class [I ([J and [I are in module java.base of loader 'bootstrap')
	at at.jta.Regor._openKey(Regor.java:1376)
	at at.jta.Regor.openKey(Regor.java:1341)
	at org.python.pydev.ui.pythonpathconf.PythonInterpreterProviderFactory.getInterpreterProviders(PythonInterpreterProviderFactory.java:59)
	at org.python.pydev.ui.pythonpathconf.AutoConfigMaker$3.run(AutoConfigMaker.java:482)
	at org.eclipse.core.runtime.SafeRunner.run(SafeRunner.java:45)
	at org.python.pydev.ui.pythonpathconf.AutoConfigMaker.getAllProviders(AutoConfigMaker.java:479)
	at org.python.pydev.ui.pythonpathconf.AutoConfigMaker.getPossibleInterpreters(AutoConfigMaker.java:464)
	at org.python.pydev.ui.pythonpathconf.AutoConfigMaker.autoConfigSearch(AutoConfigMaker.java:204)
	at org.python.pydev.ui.pythonpathconf.AutoConfigMaker.autoConfigSingleApply(AutoConfigMaker.java:123)
	at org.python.pydev.ui.PyProjectPythonDetails$ProjectInterpreterAndGrammarConfig$2.widgetSelected(PyProjectPythonDetails.java:326)
	at org.eclipse.swt.widgets.TypedListener.handleEvent(TypedListener.java:252)
	at org.eclipse.swt.widgets.EventTable.sendEvent(EventTable.java:89)
	at org.eclipse.swt.widgets.Display.sendEvent(Display.java:4237)
	at org.eclipse.swt.widgets.Widget.sendEvent(Widget.java:1060)
	at org.eclipse.swt.widgets.Widget.sendEvent(Widget.java:1084)
	at org.eclipse.swt.widgets.Widget.sendSelectionEvent(Widget.java:1101)
	at org.eclipse.swt.widgets.Link.wmNotifyChild(Link.java:713)
	at org.eclipse.swt.widgets.Control.wmNotify(Control.java:5807)
	at org.eclipse.swt.widgets.Composite.wmNotify(Composite.java:1961)
	at org.eclipse.swt.widgets.Control.WM_NOTIFY(Control.java:5375)
	at org.eclipse.swt.widgets.Control.windowProc(Control.java:4809)
	at org.eclipse.swt.widgets.Display.windowProc(Display.java:4966)
	at org.eclipse.swt.internal.win32.OS.CallWindowProc(Native Method)
	at org.eclipse.swt.widgets.Link.callWindowProc(Link.java:161)
	at org.eclipse.swt.widgets.Widget.wmLButtonUp(Widget.java:1987)
	at org.eclipse.swt.widgets.Control.WM_LBUTTONUP(Control.java:5188)
	at org.eclipse.swt.widgets.Control.windowProc(Control.java:4790)
	at org.eclipse.swt.widgets.Display.windowProc(Display.java:4966)
	at org.eclipse.swt.internal.win32.OS.DispatchMessage(Native Method)
	at org.eclipse.swt.widgets.Display.readAndDispatch(Display.java:3624)
	at org.eclipse.jface.window.Window.runEventLoop(Window.java:823)
	at org.eclipse.jface.window.Window.open(Window.java:799)
	at org.eclipse.ui.internal.actions.NewWizardShortcutAction.run(NewWizardShortcutAction.java:130)
	at org.eclipse.jface.action.Action.runWithEvent(Action.java:474)
	at org.eclipse.jface.action.ActionContributionItem.handleWidgetSelection(ActionContributionItem.java:580)
	at org.eclipse.jface.action.ActionContributionItem.lambda$4(ActionContributionItem.java:414)
	at org.eclipse.swt.widgets.EventTable.sendEvent(EventTable.java:89)
	at org.eclipse.swt.widgets.Display.sendEvent(Display.java:4237)
	at org.eclipse.swt.widgets.Widget.sendEvent(Widget.java:1060)
	at org.eclipse.swt.widgets.Display.runDeferredEvents(Display.java:4054)
	at org.eclipse.swt.widgets.Display.readAndDispatch(Display.java:3626)
	at org.eclipse.e4.ui.internal.workbench.swt.PartRenderingEngine$5.run(PartRenderingEngine.java:1150)
	at org.eclipse.core.databinding.observable.Realm.runWithDefault(Realm.java:338)
	at org.eclipse.e4.ui.internal.workbench.swt.PartRenderingEngine.run(PartRenderingEngine.java:1041)
	at org.eclipse.e4.ui.internal.workbench.E4Workbench.createAndRunUI(E4Workbench.java:155)
	at org.eclipse.ui.internal.Workbench.lambda$3(Workbench.java:644)
	at org.eclipse.core.databinding.observable.Realm.runWithDefault(Realm.java:338)
	at org.eclipse.ui.internal.Workbench.createAndRunWorkbench(Workbench.java:551)
	at org.eclipse.ui.PlatformUI.createAndRunWorkbench(PlatformUI.java:156)
	at com.brainwy.liclipse.rcp.IDEApplication.start(IDEApplication.java:236)
	at org.eclipse.equinox.internal.app.EclipseAppHandle.run(EclipseAppHandle.java:203)
	at org.eclipse.core.runtime.internal.adaptor.EclipseAppLauncher.runApplication(EclipseAppLauncher.java:136)
	at org.eclipse.core.runtime.internal.adaptor.EclipseAppLauncher.start(EclipseAppLauncher.java:104)
	at org.eclipse.core.runtime.adaptor.EclipseStarter.run(EclipseStarter.java:401)
	at org.eclipse.core.runtime.adaptor.EclipseStarter.run(EclipseStarter.java:255)
	at java.base/jdk.internal.reflect.NativeMethodAccessorImpl.invoke0(Native Method)
	at java.base/jdk.internal.reflect.NativeMethodAccessorImpl.invoke(Unknown Source)
	at java.base/jdk.internal.reflect.DelegatingMethodAccessorImpl.invoke(Unknown Source)
	at java.base/java.lang.reflect.Method.invoke(Unknown Source)
	at org.eclipse.equinox.launcher.Main.invokeFramework(Main.java:659)
	at org.eclipse.equinox.launcher.Main.basicRun(Main.java:596)
	at org.eclipse.equinox.launcher.Main.run(Main.java:1467)

!ENTRY org.python.pydev.shared_core 4 4 2021-10-26 21:20:49.188
!MESSAGE No output was in the standard output when
trying to create the interpreter info for: C:\Users\ITAUser\AppData\Local\Microsoft\WindowsApps\python.exe
The error output contains:>>Python was not found; run without arguments to install from the Microsoft Store, or disable this shortcut from Settings > Manage App Execution Aliases.
<<
!STACK 0
java.lang.RuntimeException: No output was in the standard output when
trying to create the interpreter info for: C:\Users\ITAUser\AppData\Local\Microsoft\WindowsApps\python.exe
The error output contains:>>Python was not found; run without arguments to install from the Microsoft Store, or disable this shortcut from Settings > Manage App Execution Aliases.
<<
	at org.python.pydev.ast.interpreter_managers.AbstractInterpreterManager.createInfoFromOutput(AbstractInterpreterManager.java:372)
	at org.python.pydev.ast.interpreter_managers.PythonInterpreterManager.doCreateInterpreterInfo(PythonInterpreterManager.java:70)
	at org.python.pydev.ast.interpreter_managers.PythonInterpreterManager.internalCreateInterpreterInfo(PythonInterpreterManager.java:43)
	at org.python.pydev.ast.interpreter_managers.AbstractInterpreterManager.createInterpreterInfo(AbstractInterpreterManager.java:332)
	at org.python.pydev.ui.pythonpathconf.ObtainInterpreterInfoOperation.run(ObtainInterpreterInfoOperation.java:83)
	at org.eclipse.jface.operation.ModalContext$ModalContextThread.run(ModalContext.java:122)

!ENTRY org.python.pydev.shared_core 1 1 2021-10-26 21:20:52.350
!MESSAGE - Ok, file is non-null. Getting info on:C:\Users\ITAUser\AppData\Local\Programs\Python\Python310\python.exe
- Beggining task:Getting libs totalWork:100
- Setting task name:Mounting executable string...
- Setting task name:Executing:  C:\Users\ITAUser\AppData\Local\Programs\Python\Python310\python.exe -u "C:\Program Files\Brainwy\LiClipse 8.1.0\plugins\org.python.pydev.core_9.1.0.202110030926\pysrc\interpreterInfo.py"
- Setting task name:Making pythonpath environment... C:\Users\ITAUser\AppData\Local\Programs\Python\Python310\python.exe -u "C:\Program Files\Brainwy\LiClipse 8.1.0\plugins\org.python.pydev.core_9.1.0.202110030926\pysrc\interpreterInfo.py"
- Setting task name:Making exec... C:\Users\ITAUser\AppData\Local\Programs\Python\Python310\python.exe -u "C:\Program Files\Brainwy\LiClipse 8.1.0\plugins\org.python.pydev.core_9.1.0.202110030926\pysrc\interpreterInfo.py"
- Setting task name:Reading output...
- Setting task name:Waiting for process to finish.
- Setting task name:Process finished.
- Success getting the info. Result:<xml>
<name>python</name>
<version>3.10</version>
<executable>C:\Users\ITAUser\AppData\Local\Programs\Python\Python310\python.exe</executable>
<lib>C:\Users\ITAUser\AppData\Local\Programs\Python\Python310\DLLs</lib>
<lib>C:\Users\ITAUser\AppData\Local\Programs\Python\Python310\lib</lib>
<lib>C:\Users\ITAUser\AppData\Local\Programs\Python\Python310</lib>
<lib>C:\Users\ITAUser\AppData\Local\Programs\Python\Python310\lib\site-packages</lib>
<forced_lib>Image</forced_lib>
<forced_lib>OpenGL</forced_lib>
<forced_lib>_abc</forced_lib>
<forced_lib>_ast</forced_lib>
<forced_lib>_bisect</forced_lib>
<forced_lib>_blake2</forced_lib>
<forced_lib>_bytesio</forced_lib>
<forced_lib>_codecs</forced_lib>
<forced_lib>_codecs_cn</forced_lib>
<forced_lib>_codecs_hk</forced_lib>
<forced_lib>_codecs_iso2022</forced_lib>
<forced_lib>_codecs_jp</forced_lib>
<forced_lib>_codecs_kr</forced_lib>
<forced_lib>_codecs_tw</forced_lib>
<forced_lib>_collections</forced_lib>
<forced_lib>_contextvars</forced_lib>
<forced_lib>_csv</forced_lib>
<forced_lib>_datetime</forced_lib>
<forced_lib>_fileio</forced_lib>
<forced_lib>_functools</forced_lib>
<forced_lib>_heapq</forced_lib>
<forced_lib>_hotshot</forced_lib>
<forced_lib>_imp</forced_lib>
<forced_lib>_io</forced_lib>
<forced_lib>_json</forced_lib>
<forced_lib>_locale</forced_lib>
<forced_lib>_lsprof</forced_lib>
<forced_lib>_md5</forced_lib>
<forced_lib>_multibytecodec</forced_lib>
<forced_lib>_opcode</forced_lib>
<forced_lib>_operator</forced_lib>
<forced_lib>_pickle</forced_lib>
<forced_lib>_random</forced_lib>
<forced_lib>_sha</forced_lib>
<forced_lib>_sha1</forced_lib>
<forced_lib>_sha256</forced_lib>
<forced_lib>_sha3</forced_lib>
<forced_lib>_sha512</forced_lib>
<forced_lib>_signal</forced_lib>
<forced_lib>_sre</forced_lib>
<forced_lib>_stat</forced_lib>
<forced_lib>_statistics</forced_lib>
<forced_lib>_string</forced_lib>
<forced_lib>_struct</forced_lib>
<forced_lib>_subprocess</forced_lib>
<forced_lib>_symtable</forced_lib>
<forced_lib>_thread</forced_lib>
<forced_lib>_tracemalloc</forced_lib>
<forced_lib>_warnings</forced_lib>
<forced_lib>_weakref</forced_lib>
<forced_lib>_winapi</forced_lib>
<forced_lib>_winreg</forced_lib>
<forced_lib>_xxsubinterpreters</forced_lib>
<forced_lib>array</forced_lib>
<forced_lib>atexit</forced_lib>
<forced_lib>audioop</forced_lib>
<forced_lib>binascii</forced_lib>
<forced_lib>builtins</forced_lib>
<forced_lib>cPickle</forced_lib>
<forced_lib>cStringIO</forced_lib>
<forced_lib>cmath</forced_lib>
<forced_lib>cv2</forced_lib>
<forced_lib>datetime</forced_lib>
<forced_lib>email</forced_lib>
<forced_lib>errno</forced_lib>
<forced_lib>exceptions</forced_lib>
<forced_lib>faulthandler</forced_lib>
<forced_lib>future_builtins</forced_lib>
<forced_lib>gc</forced_lib>
<forced_lib>gi</forced_lib>
<forced_lib>hashlib</forced_lib>
<forced_lib>imageop</forced_lib>
<forced_lib>imp</forced_lib>
<forced_lib>itertools</forced_lib>
<forced_lib>marshal</forced_lib>
<forced_lib>math</forced_lib>
<forced_lib>mmap</forced_lib>
<forced_lib>mock</forced_lib>
<forced_lib>msvcrt</forced_lib>
<forced_lib>multiprocessing</forced_lib>
<forced_lib>mutagen</forced_lib>
<forced_lib>nt</forced_lib>
<forced_lib>numpy</forced_lib>
<forced_lib>operator</forced_lib>
<forced_lib>os</forced_lib>
<forced_lib>os.path</forced_lib>
<forced_lib>parser</forced_lib>
<forced_lib>py</forced_lib>
<forced_lib>pytest</forced_lib>
<forced_lib>random</forced_lib>
<forced_lib>re</forced_lib>
<forced_lib>scipy</forced_lib>
<forced_lib>signal</forced_lib>
<forced_lib>six</forced_lib>
<forced_lib>socket</forced_lib>
<forced_lib>ssl</forced_lib>
<forced_lib>strop</forced_lib>
<forced_lib>sys</forced_lib>
<forced_lib>thread</forced_lib>
<forced_lib>time</forced_lib>
<forced_lib>winreg</forced_lib>
<forced_lib>wx</forced_lib>
<forced_lib>wxPython</forced_lib>
<forced_lib>xxsubtype</forced_lib>
<forced_lib>zipimport</forced_lib>
<forced_lib>zlib</forced_lib>
<string_substitution_var><key>PY</key><value>310</value></string_substitution_var>
</xml>
- Ok, file is non-null. Getting info on:C:\Users\ITAUser\AppData\Local\Microsoft\WindowsApps\python.exe
- Beggining task:Getting libs totalWork:100
- Setting task name:Mounting executable string...
- Setting task name:Executing:  C:\Users\ITAUser\AppData\Local\Microsoft\WindowsApps\python.exe -u "C:\Program Files\Brainwy\LiClipse 8.1.0\plugins\org.python.pydev.core_9.1.0.202110030926\pysrc\interpreterInfo.py"
- Setting task name:Making pythonpath environment... C:\Users\ITAUser\AppData\Local\Microsoft\WindowsApps\python.exe -u "C:\Program Files\Brainwy\LiClipse 8.1.0\plugins\org.python.pydev.core_9.1.0.202110030926\pysrc\interpreterInfo.py"
- Setting task name:Making exec... C:\Users\ITAUser\AppData\Local\Microsoft\WindowsApps\python.exe -u "C:\Program Files\Brainwy\LiClipse 8.1.0\plugins\org.python.pydev.core_9.1.0.202110030926\pysrc\interpreterInfo.py"
- Setting task name:Reading output...
- Setting task name:Waiting for process to finish.
- Setting task name:Process finished.
Exception detected: No output was in the standard output when
trying to create the interpreter info for: C:\Users\ITAUser\AppData\Local\Microsoft\WindowsApps\python.exe
The error output contains:>>Python was not found; run without arguments to install from the Microsoft Store, or disable this shortcut from Settings > Manage App Execution Aliases.
<<
- Some error happened while getting info on the interpreter:
java.lang.RuntimeException: No output was in the standard output when
trying to create the interpreter info for: C:\Users\ITAUser\AppData\Local\Microsoft\WindowsApps\python.exe
The error output contains:>>Python was not found; run without arguments to install from the Microsoft Store, or disable this shortcut from Settings > Manage App Execution Aliases.
<<
	at org.python.pydev.ast.interpreter_managers.AbstractInterpreterManager.createInfoFromOutput(AbstractInterpreterManager.java:372)
	at org.python.pydev.ast.interpreter_managers.PythonInterpreterManager.doCreateInterpreterInfo(PythonInterpreterManager.java:70)
	at org.python.pydev.ast.interpreter_managers.PythonInterpreterManager.internalCreateInterpreterInfo(PythonInterpreterManager.java:43)
	at org.python.pydev.ast.interpreter_managers.AbstractInterpreterManager.createInterpreterInfo(AbstractInterpreterManager.java:332)
	at org.python.pydev.ui.pythonpathconf.ObtainInterpreterInfoOperation.run(ObtainInterpreterInfoOperation.java:83)
	at org.eclipse.jface.operation.ModalContext$ModalContextThread.run(ModalContext.java:122)
- Ok, file is non-null. Getting info on:C:\Users\ITAUser\AppData\Local\Programs\Python\Python310\python.exe
- Beggining task:Getting libs totalWork:100
- Setting task name:Mounting executable string...
- Setting task name:Executing:  C:\Users\ITAUser\AppData\Local\Programs\Python\Python310\python.exe -u "C:\Program Files\Brainwy\LiClipse 8.1.0\plugins\org.python.pydev.core_9.1.0.202110030926\pysrc\interpreterInfo.py"
- Setting task name:Making pythonpath environment... C:\Users\ITAUser\AppData\Local\Programs\Python\Python310\python.exe -u "C:\Program Files\Brainwy\LiClipse 8.1.0\plugins\org.python.pydev.core_9.1.0.202110030926\pysrc\interpreterInfo.py"
- Setting task name:Making exec... C:\Users\ITAUser\AppData\Local\Programs\Python\Python310\python.exe -u "C:\Program Files\Brainwy\LiClipse 8.1.0\plugins\org.python.pydev.core_9.1.0.202110030926\pysrc\interpreterInfo.py"
- Setting task name:Reading output...
- Setting task name:Waiting for process to finish.
- Setting task name:Process finished.
- Success getting the info. Result:<xml>
<name>python</name>
<version>3.10</version>
<executable>C:\Users\ITAUser\AppData\Local\Programs\Python\Python310\python.exe</executable>
<lib>C:\Users\ITAUser\AppData\Local\Programs\Python\Python310\DLLs</lib>
<lib>C:\Users\ITAUser\AppData\Local\Programs\Python\Python310\lib</lib>
<lib>C:\Users\ITAUser\AppData\Local\Programs\Python\Python310</lib>
<lib>C:\Users\ITAUser\AppData\Local\Programs\Python\Python310\lib\site-packages</lib>
<forced_lib>Image</forced_lib>
<forced_lib>OpenGL</forced_lib>
<forced_lib>_abc</forced_lib>
<forced_lib>_ast</forced_lib>
<forced_lib>_bisect</forced_lib>
<forced_lib>_blake2</forced_lib>
<forced_lib>_bytesio</forced_lib>
<forced_lib>_codecs</forced_lib>
<forced_lib>_codecs_cn</forced_lib>
<forced_lib>_codecs_hk</forced_lib>
<forced_lib>_codecs_iso2022</forced_lib>
<forced_lib>_codecs_jp</forced_lib>
<forced_lib>_codecs_kr</forced_lib>
<forced_lib>_codecs_tw</forced_lib>
<forced_lib>_collections</forced_lib>
<forced_lib>_contextvars</forced_lib>
<forced_lib>_csv</forced_lib>
<forced_lib>_datetime</forced_lib>
<forced_lib>_fileio</forced_lib>
<forced_lib>_functools</forced_lib>
<forced_lib>_heapq</forced_lib>
<forced_lib>_hotshot</forced_lib>
<forced_lib>_imp</forced_lib>
<forced_lib>_io</forced_lib>
<forced_lib>_json</forced_lib>
<forced_lib>_locale</forced_lib>
<forced_lib>_lsprof</forced_lib>
<forced_lib>_md5</forced_lib>
<forced_lib>_multibytecodec</forced_lib>
<forced_lib>_opcode</forced_lib>
<forced_lib>_operator</forced_lib>
<forced_lib>_pickle</forced_lib>
<forced_lib>_random</forced_lib>
<forced_lib>_sha</forced_lib>
<forced_lib>_sha1</forced_lib>
<forced_lib>_sha256</forced_lib>
<forced_lib>_sha3</forced_lib>
<forced_lib>_sha512</forced_lib>
<forced_lib>_signal</forced_lib>
<forced_lib>_sre</forced_lib>
<forced_lib>_stat</forced_lib>
<forced_lib>_statistics</forced_lib>
<forced_lib>_string</forced_lib>
<forced_lib>_struct</forced_lib>
<forced_lib>_subprocess</forced_lib>
<forced_lib>_symtable</forced_lib>
<forced_lib>_thread</forced_lib>
<forced_lib>_tracemalloc</forced_lib>
<forced_lib>_warnings</forced_lib>
<forced_lib>_weakref</forced_lib>
<forced_lib>_winapi</forced_lib>
<forced_lib>_winreg</forced_lib>
<forced_lib>_xxsubinterpreters</forced_lib>
<forced_lib>array</forced_lib>
<forced_lib>atexit</forced_lib>
<forced_lib>audioop</forced_lib>
<forced_lib>binascii</forced_lib>
<forced_lib>builtins</forced_lib>
<forced_lib>cPickle</forced_lib>
<forced_lib>cStringIO</forced_lib>
<forced_lib>cmath</forced_lib>
<forced_lib>cv2</forced_lib>
<forced_lib>datetime</forced_lib>
<forced_lib>email</forced_lib>
<forced_lib>errno</forced_lib>
<forced_lib>exceptions</forced_lib>
<forced_lib>faulthandler</forced_lib>
<forced_lib>future_builtins</forced_lib>
<forced_lib>gc</forced_lib>
<forced_lib>gi</forced_lib>
<forced_lib>hashlib</forced_lib>
<forced_lib>imageop</forced_lib>
<forced_lib>imp</forced_lib>
<forced_lib>itertools</forced_lib>
<forced_lib>marshal</forced_lib>
<forced_lib>math</forced_lib>
<forced_lib>mmap</forced_lib>
<forced_lib>mock</forced_lib>
<forced_lib>msvcrt</forced_lib>
<forced_lib>multiprocessing</forced_lib>
<forced_lib>mutagen</forced_lib>
<forced_lib>nt</forced_lib>
<forced_lib>numpy</forced_lib>
<forced_lib>operator</forced_lib>
<forced_lib>os</forced_lib>
<forced_lib>os.path</forced_lib>
<forced_lib>parser</forced_lib>
<forced_lib>py</forced_lib>
<forced_lib>pytest</forced_lib>
<forced_lib>random</forced_lib>
<forced_lib>re</forced_lib>
<forced_lib>scipy</forced_lib>
<forced_lib>signal</forced_lib>
<forced_lib>six</forced_lib>
<forced_lib>socket</forced_lib>
<forced_lib>ssl</forced_lib>
<forced_lib>strop</forced_lib>
<forced_lib>sys</forced_lib>
<forced_lib>thread</forced_lib>
<forced_lib>time</forced_lib>
<forced_lib>winreg</forced_lib>
<forced_lib>wx</forced_lib>
<forced_lib>wxPython</forced_lib>
<forced_lib>xxsubtype</forced_lib>
<forced_lib>zipimport</forced_lib>
<forced_lib>zlib</forced_lib>
<string_substitution_var><key>PY</key><value>310</value></string_substitution_var>
</xml>

!STACK 0
java.lang.RuntimeException: - Ok, file is non-null. Getting info on:C:\Users\ITAUser\AppData\Local\Programs\Python\Python310\python.exe
- Beggining task:Getting libs totalWork:100
- Setting task name:Mounting executable string...
- Setting task name:Executing:  C:\Users\ITAUser\AppData\Local\Programs\Python\Python310\python.exe -u "C:\Program Files\Brainwy\LiClipse 8.1.0\plugins\org.python.pydev.core_9.1.0.202110030926\pysrc\interpreterInfo.py"
- Setting task name:Making pythonpath environment... C:\Users\ITAUser\AppData\Local\Programs\Python\Python310\python.exe -u "C:\Program Files\Brainwy\LiClipse 8.1.0\plugins\org.python.pydev.core_9.1.0.202110030926\pysrc\interpreterInfo.py"
- Setting task name:Making exec... C:\Users\ITAUser\AppData\Local\Programs\Python\Python310\python.exe -u "C:\Program Files\Brainwy\LiClipse 8.1.0\plugins\org.python.pydev.core_9.1.0.202110030926\pysrc\interpreterInfo.py"
- Setting task name:Reading output...
- Setting task name:Waiting for process to finish.
- Setting task name:Process finished.
- Success getting the info. Result:<xml>
<name>python</name>
<version>3.10</version>
<executable>C:\Users\ITAUser\AppData\Local\Programs\Python\Python310\python.exe</executable>
<lib>C:\Users\ITAUser\AppData\Local\Programs\Python\Python310\DLLs</lib>
<lib>C:\Users\ITAUser\AppData\Local\Programs\Python\Python310\lib</lib>
<lib>C:\Users\ITAUser\AppData\Local\Programs\Python\Python310</lib>
<lib>C:\Users\ITAUser\AppData\Local\Programs\Python\Python310\lib\site-packages</lib>
<forced_lib>Image</forced_lib>
<forced_lib>OpenGL</forced_lib>
<forced_lib>_abc</forced_lib>
<forced_lib>_ast</forced_lib>
<forced_lib>_bisect</forced_lib>
<forced_lib>_blake2</forced_lib>
<forced_lib>_bytesio</forced_lib>
<forced_lib>_codecs</forced_lib>
<forced_lib>_codecs_cn</forced_lib>
<forced_lib>_codecs_hk</forced_lib>
<forced_lib>_codecs_iso2022</forced_lib>
<forced_lib>_codecs_jp</forced_lib>
<forced_lib>_codecs_kr</forced_lib>
<forced_lib>_codecs_tw</forced_lib>
<forced_lib>_collections</forced_lib>
<forced_lib>_contextvars</forced_lib>
<forced_lib>_csv</forced_lib>
<forced_lib>_datetime</forced_lib>
<forced_lib>_fileio</forced_lib>
<forced_lib>_functools</forced_lib>
<forced_lib>_heapq</forced_lib>
<forced_lib>_hotshot</forced_lib>
<forced_lib>_imp</forced_lib>
<forced_lib>_io</forced_lib>
<forced_lib>_json</forced_lib>
<forced_lib>_locale</forced_lib>
<forced_lib>_lsprof</forced_lib>
<forced_lib>_md5</forced_lib>
<forced_lib>_multibytecodec</forced_lib>
<forced_lib>_opcode</forced_lib>
<forced_lib>_operator</forced_lib>
<forced_lib>_pickle</forced_lib>
<forced_lib>_random</forced_lib>
<forced_lib>_sha</forced_lib>
<forced_lib>_sha1</forced_lib>
<forced_lib>_sha256</forced_lib>
<forced_lib>_sha3</forced_lib>
<forced_lib>_sha512</forced_lib>
<forced_lib>_signal</forced_lib>
<forced_lib>_sre</forced_lib>
<forced_lib>_stat</forced_lib>
<forced_lib>_statistics</forced_lib>
<forced_lib>_string</forced_lib>
<forced_lib>_struct</forced_lib>
<forced_lib>_subprocess</forced_lib>
<forced_lib>_symtable</forced_lib>
<forced_lib>_thread</forced_lib>
<forced_lib>_tracemalloc</forced_lib>
<forced_lib>_warnings</forced_lib>
<forced_lib>_weakref</forced_lib>
<forced_lib>_winapi</forced_lib>
<forced_lib>_winreg</forced_lib>
<forced_lib>_xxsubinterpreters</forced_lib>
<forced_lib>array</forced_lib>
<forced_lib>atexit</forced_lib>
<forced_lib>audioop</forced_lib>
<forced_lib>binascii</forced_lib>
<forced_lib>builtins</forced_lib>
<forced_lib>cPickle</forced_lib>
<forced_lib>cStringIO</forced_lib>
<forced_lib>cmath</forced_lib>
<forced_lib>cv2</forced_lib>
<forced_lib>datetime</forced_lib>
<forced_lib>email</forced_lib>
<forced_lib>errno</forced_lib>
<forced_lib>exceptions</forced_lib>
<forced_lib>faulthandler</forced_lib>
<forced_lib>future_builtins</forced_lib>
<forced_lib>gc</forced_lib>
<forced_lib>gi</forced_lib>
<forced_lib>hashlib</forced_lib>
<forced_lib>imageop</forced_lib>
<forced_lib>imp</forced_lib>
<forced_lib>itertools</forced_lib>
<forced_lib>marshal</forced_lib>
<forced_lib>math</forced_lib>
<forced_lib>mmap</forced_lib>
<forced_lib>mock</forced_lib>
<forced_lib>msvcrt</forced_lib>
<forced_lib>multiprocessing</forced_lib>
<forced_lib>mutagen</forced_lib>
<forced_lib>nt</forced_lib>
<forced_lib>numpy</forced_lib>
<forced_lib>operator</forced_lib>
<forced_lib>os</forced_lib>
<forced_lib>os.path</forced_lib>
<forced_lib>parser</forced_lib>
<forced_lib>py</forced_lib>
<forced_lib>pytest</forced_lib>
<forced_lib>random</forced_lib>
<forced_lib>re</forced_lib>
<forced_lib>scipy</forced_lib>
<forced_lib>signal</forced_lib>
<forced_lib>six</forced_lib>
<forced_lib>socket</forced_lib>
<forced_lib>ssl</forced_lib>
<forced_lib>strop</forced_lib>
<forced_lib>sys</forced_lib>
<forced_lib>thread</forced_lib>
<forced_lib>time</forced_lib>
<forced_lib>winreg</forced_lib>
<forced_lib>wx</forced_lib>
<forced_lib>wxPython</forced_lib>
<forced_lib>xxsubtype</forced_lib>
<forced_lib>zipimport</forced_lib>
<forced_lib>zlib</forced_lib>
<string_substitution_var><key>PY</key><value>310</value></string_substitution_var>
</xml>
- Ok, file is non-null. Getting info on:C:\Users\ITAUser\AppData\Local\Microsoft\WindowsApps\python.exe
- Beggining task:Getting libs totalWork:100
- Setting task name:Mounting executable string...
- Setting task name:Executing:  C:\Users\ITAUser\AppData\Local\Microsoft\WindowsApps\python.exe -u "C:\Program Files\Brainwy\LiClipse 8.1.0\plugins\org.python.pydev.core_9.1.0.202110030926\pysrc\interpreterInfo.py"
- Setting task name:Making pythonpath environment... C:\Users\ITAUser\AppData\Local\Microsoft\WindowsApps\python.exe -u "C:\Program Files\Brainwy\LiClipse 8.1.0\plugins\org.python.pydev.core_9.1.0.202110030926\pysrc\interpreterInfo.py"
- Setting task name:Making exec... C:\Users\ITAUser\AppData\Local\Microsoft\WindowsApps\python.exe -u "C:\Program Files\Brainwy\LiClipse 8.1.0\plugins\org.python.pydev.core_9.1.0.202110030926\pysrc\interpreterInfo.py"
- Setting task name:Reading output...
- Setting task name:Waiting for process to finish.
- Setting task name:Process finished.
Exception detected: No output was in the standard output when
trying to create the interpreter info for: C:\Users\ITAUser\AppData\Local\Microsoft\WindowsApps\python.exe
The error output contains:>>Python was not found; run without arguments to install from the Microsoft Store, or disable this shortcut from Settings > Manage App Execution Aliases.
<<
- Some error happened while getting info on the interpreter:
java.lang.RuntimeException: No output was in the standard output when
trying to create the interpreter info for: C:\Users\ITAUser\AppData\Local\Microsoft\WindowsApps\python.exe
The error output contains:>>Python was not found; run without arguments to install from the Microsoft Store, or disable this shortcut from Settings > Manage App Execution Aliases.
<<
	at org.python.pydev.ast.interpreter_managers.AbstractInterpreterManager.createInfoFromOutput(AbstractInterpreterManager.java:372)
	at org.python.pydev.ast.interpreter_managers.PythonInterpreterManager.doCreateInterpreterInfo(PythonInterpreterManager.java:70)
	at org.python.pydev.ast.interpreter_managers.PythonInterpreterManager.internalCreateInterpreterInfo(PythonInterpreterManager.java:43)
	at org.python.pydev.ast.interpreter_managers.AbstractInterpreterManager.createInterpreterInfo(AbstractInterpreterManager.java:332)
	at org.python.pydev.ui.pythonpathconf.ObtainInterpreterInfoOperation.run(ObtainInterpreterInfoOperation.java:83)
	at org.eclipse.jface.operation.ModalContext$ModalContextThread.run(ModalContext.java:122)
- Ok, file is non-null. Getting info on:C:\Users\ITAUser\AppData\Local\Programs\Python\Python310\python.exe
- Beggining task:Getting libs totalWork:100
- Setting task name:Mounting executable string...
- Setting task name:Executing:  C:\Users\ITAUser\AppData\Local\Programs\Python\Python310\python.exe -u "C:\Program Files\Brainwy\LiClipse 8.1.0\plugins\org.python.pydev.core_9.1.0.202110030926\pysrc\interpreterInfo.py"
- Setting task name:Making pythonpath environment... C:\Users\ITAUser\AppData\Local\Programs\Python\Python310\python.exe -u "C:\Program Files\Brainwy\LiClipse 8.1.0\plugins\org.python.pydev.core_9.1.0.202110030926\pysrc\interpreterInfo.py"
- Setting task name:Making exec... C:\Users\ITAUser\AppData\Local\Programs\Python\Python310\python.exe -u "C:\Program Files\Brainwy\LiClipse 8.1.0\plugins\org.python.pydev.core_9.1.0.202110030926\pysrc\interpreterInfo.py"
- Setting task name:Reading output...
- Setting task name:Waiting for process to finish.
- Setting task name:Process finished.
- Success getting the info. Result:<xml>
<name>python</name>
<version>3.10</version>
<executable>C:\Users\ITAUser\AppData\Local\Programs\Python\Python310\python.exe</executable>
<lib>C:\Users\ITAUser\AppData\Local\Programs\Python\Python310\DLLs</lib>
<lib>C:\Users\ITAUser\AppData\Local\Programs\Python\Python310\lib</lib>
<lib>C:\Users\ITAUser\AppData\Local\Programs\Python\Python310</lib>
<lib>C:\Users\ITAUser\AppData\Local\Programs\Python\Python310\lib\site-packages</lib>
<forced_lib>Image</forced_lib>
<forced_lib>OpenGL</forced_lib>
<forced_lib>_abc</forced_lib>
<forced_lib>_ast</forced_lib>
<forced_lib>_bisect</forced_lib>
<forced_lib>_blake2</forced_lib>
<forced_lib>_bytesio</forced_lib>
<forced_lib>_codecs</forced_lib>
<forced_lib>_codecs_cn</forced_lib>
<forced_lib>_codecs_hk</forced_lib>
<forced_lib>_codecs_iso2022</forced_lib>
<forced_lib>_codecs_jp</forced_lib>
<forced_lib>_codecs_kr</forced_lib>
<forced_lib>_codecs_tw</forced_lib>
<forced_lib>_collections</forced_lib>
<forced_lib>_contextvars</forced_lib>
<forced_lib>_csv</forced_lib>
<forced_lib>_datetime</forced_lib>
<forced_lib>_fileio</forced_lib>
<forced_lib>_functools</forced_lib>
<forced_lib>_heapq</forced_lib>
<forced_lib>_hotshot</forced_lib>
<forced_lib>_imp</forced_lib>
<forced_lib>_io</forced_lib>
<forced_lib>_json</forced_lib>
<forced_lib>_locale</forced_lib>
<forced_lib>_lsprof</forced_lib>
<forced_lib>_md5</forced_lib>
<forced_lib>_multibytecodec</forced_lib>
<forced_lib>_opcode</forced_lib>
<forced_lib>_operator</forced_lib>
<forced_lib>_pickle</forced_lib>
<forced_lib>_random</forced_lib>
<forced_lib>_sha</forced_lib>
<forced_lib>_sha1</forced_lib>
<forced_lib>_sha256</forced_lib>
<forced_lib>_sha3</forced_lib>
<forced_lib>_sha512</forced_lib>
<forced_lib>_signal</forced_lib>
<forced_lib>_sre</forced_lib>
<forced_lib>_stat</forced_lib>
<forced_lib>_statistics</forced_lib>
<forced_lib>_string</forced_lib>
<forced_lib>_struct</forced_lib>
<forced_lib>_subprocess</forced_lib>
<forced_lib>_symtable</forced_lib>
<forced_lib>_thread</forced_lib>
<forced_lib>_tracemalloc</forced_lib>
<forced_lib>_warnings</forced_lib>
<forced_lib>_weakref</forced_lib>
<forced_lib>_winapi</forced_lib>
<forced_lib>_winreg</forced_lib>
<forced_lib>_xxsubinterpreters</forced_lib>
<forced_lib>array</forced_lib>
<forced_lib>atexit</forced_lib>
<forced_lib>audioop</forced_lib>
<forced_lib>binascii</forced_lib>
<forced_lib>builtins</forced_lib>
<forced_lib>cPickle</forced_lib>
<forced_lib>cStringIO</forced_lib>
<forced_lib>cmath</forced_lib>
<forced_lib>cv2</forced_lib>
<forced_lib>datetime</forced_lib>
<forced_lib>email</forced_lib>
<forced_lib>errno</forced_lib>
<forced_lib>exceptions</forced_lib>
<forced_lib>faulthandler</forced_lib>
<forced_lib>future_builtins</forced_lib>
<forced_lib>gc</forced_lib>
<forced_lib>gi</forced_lib>
<forced_lib>hashlib</forced_lib>
<forced_lib>imageop</forced_lib>
<forced_lib>imp</forced_lib>
<forced_lib>itertools</forced_lib>
<forced_lib>marshal</forced_lib>
<forced_lib>math</forced_lib>
<forced_lib>mmap</forced_lib>
<forced_lib>mock</forced_lib>
<forced_lib>msvcrt</forced_lib>
<forced_lib>multiprocessing</forced_lib>
<forced_lib>mutagen</forced_lib>
<forced_lib>nt</forced_lib>
<forced_lib>numpy</forced_lib>
<forced_lib>operator</forced_lib>
<forced_lib>os</forced_lib>
<forced_lib>os.path</forced_lib>
<forced_lib>parser</forced_lib>
<forced_lib>py</forced_lib>
<forced_lib>pytest</forced_lib>
<forced_lib>random</forced_lib>
<forced_lib>re</forced_lib>
<forced_lib>scipy</forced_lib>
<forced_lib>signal</forced_lib>
<forced_lib>six</forced_lib>
<forced_lib>socket</forced_lib>
<forced_lib>ssl</forced_lib>
<forced_lib>strop</forced_lib>
<forced_lib>sys</forced_lib>
<forced_lib>thread</forced_lib>
<forced_lib>time</forced_lib>
<forced_lib>winreg</forced_lib>
<forced_lib>wx</forced_lib>
<forced_lib>wxPython</forced_lib>
<forced_lib>xxsubtype</forced_lib>
<forced_lib>zipimport</forced_lib>
<forced_lib>zlib</forced_lib>
<string_substitution_var><key>PY</key><value>310</value></string_substitution_var>
</xml>

	at org.python.pydev.core.log.Log.logInfo(Log.java:45)
	at org.python.pydev.ui.pythonpathconf.AutoConfigMaker.applyOperation(AutoConfigMaker.java:191)
	at org.python.pydev.ui.pythonpathconf.AutoConfigMaker.autoConfigSingleApply(AutoConfigMaker.java:128)
	at org.python.pydev.ui.PyProjectPythonDetails$ProjectInterpreterAndGrammarConfig$2.widgetSelected(PyProjectPythonDetails.java:326)
	at org.eclipse.swt.widgets.TypedListener.handleEvent(TypedListener.java:252)
	at org.eclipse.swt.widgets.EventTable.sendEvent(EventTable.java:89)
	at org.eclipse.swt.widgets.Display.sendEvent(Display.java:4237)
	at org.eclipse.swt.widgets.Widget.sendEvent(Widget.java:1060)
	at org.eclipse.swt.widgets.Widget.sendEvent(Widget.java:1084)
	at org.eclipse.swt.widgets.Widget.sendSelectionEvent(Widget.java:1101)
	at org.eclipse.swt.widgets.Link.wmNotifyChild(Link.java:713)
	at org.eclipse.swt.widgets.Control.wmNotify(Control.java:5807)
	at org.eclipse.swt.widgets.Composite.wmNotify(Composite.java:1961)
	at org.eclipse.swt.widgets.Control.WM_NOTIFY(Control.java:5375)
	at org.eclipse.swt.widgets.Control.windowProc(Control.java:4809)
	at org.eclipse.swt.widgets.Display.windowProc(Display.java:4966)
	at org.eclipse.swt.internal.win32.OS.CallWindowProc(Native Method)
	at org.eclipse.swt.widgets.Link.callWindowProc(Link.java:161)
	at org.eclipse.swt.widgets.Widget.wmLButtonUp(Widget.java:1987)
	at org.eclipse.swt.widgets.Control.WM_LBUTTONUP(Control.java:5188)
	at org.eclipse.swt.widgets.Control.windowProc(Control.java:4790)
	at org.eclipse.swt.widgets.Display.windowProc(Display.java:4966)
	at org.eclipse.swt.internal.win32.OS.DispatchMessage(Native Method)
	at org.eclipse.swt.widgets.Display.readAndDispatch(Display.java:3624)
	at org.eclipse.jface.window.Window.runEventLoop(Window.java:823)
	at org.eclipse.jface.window.Window.open(Window.java:799)
	at org.eclipse.ui.internal.actions.NewWizardShortcutAction.run(NewWizardShortcutAction.java:130)
	at org.eclipse.jface.action.Action.runWithEvent(Action.java:474)
	at org.eclipse.jface.action.ActionContributionItem.handleWidgetSelection(ActionContributionItem.java:580)
	at org.eclipse.jface.action.ActionContributionItem.lambda$4(ActionContributionItem.java:414)
	at org.eclipse.swt.widgets.EventTable.sendEvent(EventTable.java:89)
	at org.eclipse.swt.widgets.Display.sendEvent(Display.java:4237)
	at org.eclipse.swt.widgets.Widget.sendEvent(Widget.java:1060)
	at org.eclipse.swt.widgets.Display.runDeferredEvents(Display.java:4054)
	at org.eclipse.swt.widgets.Display.readAndDispatch(Display.java:3626)
	at org.eclipse.e4.ui.internal.workbench.swt.PartRenderingEngine$5.run(PartRenderingEngine.java:1150)
	at org.eclipse.core.databinding.observable.Realm.runWithDefault(Realm.java:338)
	at org.eclipse.e4.ui.internal.workbench.swt.PartRenderingEngine.run(PartRenderingEngine.java:1041)
	at org.eclipse.e4.ui.internal.workbench.E4Workbench.createAndRunUI(E4Workbench.java:155)
	at org.eclipse.ui.internal.Workbench.lambda$3(Workbench.java:644)
	at org.eclipse.core.databinding.observable.Realm.runWithDefault(Realm.java:338)
	at org.eclipse.ui.internal.Workbench.createAndRunWorkbench(Workbench.java:551)
	at org.eclipse.ui.PlatformUI.createAndRunWorkbench(PlatformUI.java:156)
	at com.brainwy.liclipse.rcp.IDEApplication.start(IDEApplication.java:236)
	at org.eclipse.equinox.internal.app.EclipseAppHandle.run(EclipseAppHandle.java:203)
	at org.eclipse.core.runtime.internal.adaptor.EclipseAppLauncher.runApplication(EclipseAppLauncher.java:136)
	at org.eclipse.core.runtime.internal.adaptor.EclipseAppLauncher.start(EclipseAppLauncher.java:104)
	at org.eclipse.core.runtime.adaptor.EclipseStarter.run(EclipseStarter.java:401)
	at org.eclipse.core.runtime.adaptor.EclipseStarter.run(EclipseStarter.java:255)
	at java.base/jdk.internal.reflect.NativeMethodAccessorImpl.invoke0(Native Method)
	at java.base/jdk.internal.reflect.NativeMethodAccessorImpl.invoke(Unknown Source)
	at java.base/jdk.internal.reflect.DelegatingMethodAccessorImpl.invoke(Unknown Source)
	at java.base/java.lang.reflect.Method.invoke(Unknown Source)
	at org.eclipse.equinox.launcher.Main.invokeFramework(Main.java:659)
	at org.eclipse.equinox.launcher.Main.basicRun(Main.java:596)
	at org.eclipse.equinox.launcher.Main.run(Main.java:1467)

!ENTRY org.python.pydev.shared_core 1 1 2021-10-26 21:20:52.365
!MESSAGE Restoring info for: C:\Users\ITAUser\AppData\Local\Programs\Python\Python310\python.exe
!STACK 0
java.lang.RuntimeException: Restoring info for: C:\Users\ITAUser\AppData\Local\Programs\Python\Python310\python.exe
	at org.python.pydev.ast.interpreter_managers.AbstractInterpreterManager.getInterpretersFromPersistedString(AbstractInterpreterManager.java:461)
	at org.python.pydev.ast.interpreter_managers.AbstractInterpreterManager.internalRecreateCacheGetInterpreterInfos(AbstractInterpreterManager.java:287)
	at org.python.pydev.ast.interpreter_managers.AbstractInterpreterManager.setInfos(AbstractInterpreterManager.java:584)
	at org.python.pydev.ui.pythonpathconf.AutoConfigMaker$1.run(AutoConfigMaker.java:152)
	at org.eclipse.core.internal.jobs.Worker.run(Worker.java:63)
Caused by: java.io.IOException: Expecting: C:\Users\ITAUser\Desktop\python\.metadata\.plugins\org.python.pydev\v1_cd96b46rv9qe6zpoop0o1vkyh\modulesKeys to exist (and be a file).
	at org.python.pydev.ast.codecompletion.revisited.ModulesManager.loadFromFile(ModulesManager.java:330)
	at org.python.pydev.ast.codecompletion.revisited.SystemModulesManager.load(SystemModulesManager.java:443)
	at org.python.pydev.ast.interpreter_managers.AbstractInterpreterManager.getInterpretersFromPersistedString(AbstractInterpreterManager.java:459)
	... 4 more

!ENTRY org.python.pydev.shared_core 1 1 2021-10-26 21:20:53.060
!MESSAGE Finished restoring information for: C:\Users\ITAUser\AppData\Local\Programs\Python\Python310\python.exe at: C:\Users\ITAUser\Desktop\python\.metadata\.plugins\org.python.pydev\v1_cd96b46rv9qe6zpoop0o1vkyh
!STACK 0
java.lang.RuntimeException: Finished restoring information for: C:\Users\ITAUser\AppData\Local\Programs\Python\Python310\python.exe at: C:\Users\ITAUser\Desktop\python\.metadata\.plugins\org.python.pydev\v1_cd96b46rv9qe6zpoop0o1vkyh
	at org.python.pydev.core.log.Log.logInfo(Log.java:45)
	at org.python.pydev.ast.interpreter_managers.AbstractInterpreterManager.getInterpretersFromPersistedString(AbstractInterpreterManager.java:506)
	at org.python.pydev.ast.interpreter_managers.AbstractInterpreterManager.internalRecreateCacheGetInterpreterInfos(AbstractInterpreterManager.java:287)
	at org.python.pydev.ast.interpreter_managers.AbstractInterpreterManager.setInfos(AbstractInterpreterManager.java:584)
	at org.python.pydev.ui.pythonpathconf.AutoConfigMaker$1.run(AutoConfigMaker.java:152)
	at org.eclipse.core.internal.jobs.Worker.run(Worker.java:63)

!ENTRY org.python.pydev.shared_core 4 4 2021-10-26 21:20:53.742
!MESSAGE Info: Rebuilding internal caches: C:\Users\ITAUser\Desktop\python\.metadata\.plugins\com.python.pydev.analysis\python_v1_cd96b46rv9qe6zpoop0o1vkyh\python.pydevsysteminfo (Expected error to be provided and got no error!)

!ENTRY org.python.pydev.shared_core 4 4 2021-10-26 21:21:54.259
!MESSAGE Info: Rebuilding internal caches: C:\Users\ITAUser\Desktop\python\.metadata\.plugins\org.eclipse.core.resources\.projects\helloWorld\com.python.pydev.analysis\AdditionalProjectInterpreterInfo.pydevinfo (Expected error to be provided and got no error!)

!ENTRY org.python.pydev.shared_core 4 4 2021-10-26 21:30:28.345
!MESSAGE Info: Rebuilding internal caches: C:\Users\ITAUser\Desktop\python\.metadata\.plugins\org.eclipse.core.resources\.projects\brett\com.python.pydev.analysis\AdditionalProjectInterpreterInfo.pydevinfo (Expected error to be provided and got no error!)

!ENTRY org.python.pydev.shared_core 4 4 2021-10-26 21:31:47.452
!MESSAGE Info: Rebuilding internal caches: C:\Users\ITAUser\Desktop\python\.metadata\.plugins\org.eclipse.core.resources\.projects\practiceProject\com.python.pydev.analysis\AdditionalProjectInterpreterInfo.pydevinfo (Expected error to be provided and got no error!)

!ENTRY org.python.pydev.shared_core 4 4 2021-10-26 21:33:23.392
!MESSAGE Info: Rebuilding internal caches: C:\Users\ITAUser\Desktop\python\.metadata\.plugins\org.eclipse.core.resources\.projects\finallyDone\com.python.pydev.analysis\AdditionalProjectInterpreterInfo.pydevinfo (Expected error to be provided and got no error!)
!SESSION 2021-11-19 20:44:09.170 -----------------------------------------------
eclipse.buildId=unknown
java.version=14.0.2
java.vendor=AdoptOpenJDK
BootLoader constants: OS=win32, ARCH=x86_64, WS=win32, NL=en_US
Command-line arguments:  -os win32 -ws win32 -arch x86_64

!ENTRY org.eclipse.egit.ui 2 0 2021-11-19 20:44:21.560
!MESSAGE Warning: The environment variable HOME is not set. The following directory will be used to store the Git
user global configuration and to define the default location to store repositories: 'C:\Users\ITAUser'. If this is
not correct please set the HOME environment variable and restart Eclipse. Otherwise Git for Windows and
EGit might behave differently since they see different configuration options.
This warning can be switched off on the Team > Git > Confirmations and Warnings preference page.

!ENTRY org.brainwy.liclipsetext.shared_core 4 4 2021-11-19 20:44:23.851
!MESSAGE C:\Program Files\Brainwy\LiClipse 8.1.0\plugins\com.brainwy.liclipse.editor_8.1.0.202110030926\etc\daj4etzb11kc8zewhvx9qr8od (The system cannot find the path specified)
!STACK 0
java.io.FileNotFoundException: C:\Program Files\Brainwy\LiClipse 8.1.0\plugins\com.brainwy.liclipse.editor_8.1.0.202110030926\etc\daj4etzb11kc8zewhvx9qr8od (The system cannot find the path specified)
	at java.base/java.io.FileOutputStream.open0(Native Method)
	at java.base/java.io.FileOutputStream.open(Unknown Source)
	at java.base/java.io.FileOutputStream.<init>(Unknown Source)
	at java.base/java.io.FileOutputStream.<init>(Unknown Source)
	at org.brainwy.liclipsetext.shared_core.io.FileUtils.writeBytesToFile(FileUtils.java:140)
	at org.brainwy.liclipsetext.shared_core.io.FileUtils.writeStrToFile(FileUtils.java:133)
	at com.brainwy.liclipse.editor.lic.CheckRegistered.run(CheckRegistered.java:146)

!ENTRY org.python.pydev.shared_core 4 4 2021-11-19 20:50:15.158
!MESSAGE Info: Rebuilding internal caches: C:\Users\ITAUser\Desktop\python\.metadata\.plugins\org.eclipse.core.resources\.projects\Variables\com.python.pydev.analysis\AdditionalProjectInterpreterInfo.pydevinfo (Expected error to be provided and got no error!)

!ENTRY org.python.pydev.shared_core 4 4 2021-11-19 20:59:14.710
!MESSAGE Info: Rebuilding internal caches: C:\Users\ITAUser\Desktop\python\.metadata\.plugins\org.eclipse.core.resources\.projects\variables\com.python.pydev.analysis\AdditionalProjectInterpreterInfo.pydevinfo (Expected error to be provided and got no error!)

!ENTRY org.python.pydev.shared_core 4 4 2021-11-20 21:43:46.731
!MESSAGE Info: Rebuilding internal caches: C:\Users\ITAUser\Desktop\python\.metadata\.plugins\org.eclipse.core.resources\.projects\comments\com.python.pydev.analysis\AdditionalProjectInterpreterInfo.pydevinfo (Expected error to be provided and got no error!)
!SESSION 2021-12-04 23:24:44.334 -----------------------------------------------
eclipse.buildId=unknown
java.version=14.0.2
java.vendor=AdoptOpenJDK
BootLoader constants: OS=win32, ARCH=x86_64, WS=win32, NL=en_US
Command-line arguments:  -os win32 -ws win32 -arch x86_64

!ENTRY org.eclipse.egit.ui 2 0 2021-12-04 23:25:10.528
!MESSAGE Warning: The environment variable HOME is not set. The following directory will be used to store the Git
user global configuration and to define the default location to store repositories: 'C:\Users\ITAUser'. If this is
not correct please set the HOME environment variable and restart Eclipse. Otherwise Git for Windows and
EGit might behave differently since they see different configuration options.
This warning can be switched off on the Team > Git > Confirmations and Warnings preference page.

!ENTRY org.python.pydev.shared_core 4 4 2021-12-04 23:25:10.625
!MESSAGE Unable to resolve module for:L/comments/comment.py
!STACK 0
java.lang.RuntimeException: Unable to resolve module for:L/comments/comment.py
	at org.python.pydev.ast.builder.PyDevBuilderVisitor.getModuleName(PyDevBuilderVisitor.java:211)
	at com.python.pydev.analysis.additionalinfo.builders.AnalysisBuilderVisitor.doVisitChangedResource(AnalysisBuilderVisitor.java:242)
	at com.python.pydev.analysis.additionalinfo.builders.AnalysisBuilderVisitor.doVisitChangedResource(AnalysisBuilderVisitor.java:196)
	at com.python.pydev.analysis.builder.AnalysisParserObserver.analyze(AnalysisParserObserver.java:182)
	at com.python.pydev.analysis.builder.AnalysisParserObserver$AnalyzeLaterJob.run(AnalysisParserObserver.java:82)
	at org.eclipse.core.internal.jobs.Worker.run(Worker.java:63)

!ENTRY org.python.pydev.shared_core 4 4 2021-12-04 23:25:11.064
!MESSAGE Error. returning: 0
!STACK 0
java.nio.file.NoSuchFileException: C:\Users\ITAUser\Desktop\python\comments\variableDrills.py
	at java.base/sun.nio.fs.WindowsException.translateToIOException(Unknown Source)
	at java.base/sun.nio.fs.WindowsException.rethrowAsIOException(Unknown Source)
	at java.base/sun.nio.fs.WindowsException.rethrowAsIOException(Unknown Source)
	at java.base/sun.nio.fs.WindowsFileAttributeViews$Basic.readAttributes(Unknown Source)
	at java.base/sun.nio.fs.WindowsFileAttributeViews$Basic.readAttributes(Unknown Source)
	at java.base/sun.nio.fs.WindowsFileSystemProvider.readAttributes(Unknown Source)
	at java.base/java.nio.file.Files.readAttributes(Unknown Source)
	at java.base/java.nio.file.Files.getLastModifiedTime(Unknown Source)
	at org.python.pydev.shared_core.io.FileUtils.lastModified(FileUtils.java:1081)
	at org.python.pydev.shared_core.io.FileUtils.lastModified(FileUtils.java:1072)
	at com.python.pydev.analysis.additionalinfo.AbstractAdditionalDependencyInfo.addInfoToModuleOnRestoreInsertCommand(AbstractAdditionalDependencyInfo.java:529)
	at com.python.pydev.analysis.additionalinfo.AbstractAdditionalInfoWithBuild.processInsert(AbstractAdditionalInfoWithBuild.java:192)
	at org.python.pydev.core.DeltaSaver$DeltaInsertCommand.processWith(DeltaSaver.java:98)
	at org.python.pydev.core.DeltaSaver.processDeltas(DeltaSaver.java:318)
	at com.python.pydev.analysis.additionalinfo.AbstractAdditionalInfoWithBuild.restoreSavedInfo(AbstractAdditionalInfoWithBuild.java:103)
	at com.python.pydev.analysis.additionalinfo.AbstractAdditionalDependencyInfo.loadContentsFromFile(AbstractAdditionalDependencyInfo.java:499)
	at com.python.pydev.analysis.additionalinfo.AbstractAdditionalDependencyInfo.load(AbstractAdditionalDependencyInfo.java:414)
	at com.python.pydev.analysis.additionalinfo.AdditionalProjectInterpreterInfo.getAdditionalInfoForProject(AdditionalProjectInterpreterInfo.java:247)
	at com.python.pydev.analysis.additionalinfo.AdditionalProjectInterpreterInfo.recreateAllInfo(AdditionalProjectInterpreterInfo.java:330)
	at com.python.pydev.analysis.additionalinfo.builders.InterpreterObserver.notifyProjectPythonpathRestored(InterpreterObserver.java:41)
	at org.python.pydev.plugin.nature.PythonNature$RebuildPythonNatureModules.run(PythonNature.java:201)
	at org.eclipse.core.internal.jobs.Worker.run(Worker.java:63)

!ENTRY org.brainwy.liclipsetext.shared_core 4 4 2021-12-04 23:25:13.124
!MESSAGE C:\Program Files\Brainwy\LiClipse 8.1.0\plugins\com.brainwy.liclipse.editor_8.1.0.202110030926\etc\daj4etzb11kc8zewhvx9qr8od (The system cannot find the path specified)
!STACK 0
java.io.FileNotFoundException: C:\Program Files\Brainwy\LiClipse 8.1.0\plugins\com.brainwy.liclipse.editor_8.1.0.202110030926\etc\daj4etzb11kc8zewhvx9qr8od (The system cannot find the path specified)
	at java.base/java.io.FileOutputStream.open0(Native Method)
	at java.base/java.io.FileOutputStream.open(Unknown Source)
	at java.base/java.io.FileOutputStream.<init>(Unknown Source)
	at java.base/java.io.FileOutputStream.<init>(Unknown Source)
	at org.brainwy.liclipsetext.shared_core.io.FileUtils.writeBytesToFile(FileUtils.java:140)
	at org.brainwy.liclipsetext.shared_core.io.FileUtils.writeStrToFile(FileUtils.java:133)
	at com.brainwy.liclipse.editor.lic.CheckRegistered.run(CheckRegistered.java:146)

!ENTRY org.python.pydev.shared_core 4 4 2021-12-04 23:26:00.525
!MESSAGE Info: Rebuilding internal caches: C:\Users\ITAUser\Desktop\python\.metadata\.plugins\org.eclipse.core.resources\.projects\inputs\com.python.pydev.analysis\AdditionalProjectInterpreterInfo.pydevinfo (Expected error to be provided and got no error!)

!ENTRY org.python.pydev.shared_core 4 4 2021-12-04 23:58:23.075
!MESSAGE Did not expect to find item below node: Assign[targets=[Name[id=height, ctx=Store, reserved=false]], value=null, type=null] (module: debugInputDrillsV1 file: C:\Users\ITAUser\Desktop\python\inputs\debugInputDrillsV1.py row: 49).
!STACK 0
java.lang.RuntimeException: Did not expect to find item below node: Assign[targets=[Name[id=height, ctx=Store, reserved=false]], value=null, type=null] (module: debugInputDrillsV1 file: C:\Users\ITAUser\Desktop\python\inputs\debugInputDrillsV1.py row: 49).
	at org.python.pydev.core.log.Log.log(Log.java:33)
	at org.python.pydev.parser.fastparser.FastDefinitionsParser.endScopesInStack(FastDefinitionsParser.java:631)
	at org.python.pydev.parser.fastparser.FastDefinitionsParser.handleNewLine(FastDefinitionsParser.java:415)
	at org.python.pydev.parser.fastparser.FastDefinitionsParser.extractBody(FastDefinitionsParser.java:259)
	at org.python.pydev.parser.fastparser.FastDefinitionsParser.parse(FastDefinitionsParser.java:698)
	at org.python.pydev.parser.fastparser.FastDefinitionsParser.parse(FastDefinitionsParser.java:692)
	at org.python.pydev.parser.fastparser.FastDefinitionsParser.parse(FastDefinitionsParser.java:683)
	at com.python.pydev.analysis.additionalinfo.builders.AnalysisBuilderVisitor$1.call(AnalysisBuilderVisitor.java:122)
	at com.python.pydev.analysis.additionalinfo.builders.AnalysisBuilderVisitor$1.call(AnalysisBuilderVisitor.java:1)
	at com.python.pydev.analysis.additionalinfo.builders.AnalysisBuilderRunnable.<init>(AnalysisBuilderRunnable.java:199)
	at com.python.pydev.analysis.additionalinfo.builders.AnalysisBuilderRunnableFactory.createRunnable(AnalysisBuilderRunnableFactory.java:227)
	at com.python.pydev.analysis.additionalinfo.builders.AnalysisBuilderVisitor.doVisitChangedResource(AnalysisBuilderVisitor.java:248)
	at com.python.pydev.analysis.additionalinfo.builders.AnalysisBuilderVisitor.doVisitChangedResource(AnalysisBuilderVisitor.java:196)
	at com.python.pydev.analysis.additionalinfo.builders.AnalysisBuilderVisitor.visitChangedResource(AnalysisBuilderVisitor.java:137)
	at com.python.pydev.analysis.additionalinfo.builders.AnalysisBuilderVisitor.visitChangedResource(AnalysisBuilderVisitor.java:49)
	at org.python.pydev.ast.builder.PydevGrouperVisitor.visitWith(PydevGrouperVisitor.java:115)
	at org.python.pydev.ast.builder.PydevGrouperVisitor.visitChangedResource(PydevGrouperVisitor.java:166)
	at org.python.pydev.ast.builder.PydevGrouperVisitor.finishDelayedVisits(PydevGrouperVisitor.java:190)
	at org.python.pydev.ast.builder.PyDevBuilder.build(PyDevBuilder.java:130)
	at org.eclipse.core.internal.events.BuildManager$2.run(BuildManager.java:853)
	at org.eclipse.core.runtime.SafeRunner.run(SafeRunner.java:45)
	at org.eclipse.core.internal.events.BuildManager.basicBuild(BuildManager.java:232)
	at org.eclipse.core.internal.events.BuildManager.basicBuild(BuildManager.java:281)
	at org.eclipse.core.internal.events.BuildManager$1.run(BuildManager.java:334)
	at org.eclipse.core.runtime.SafeRunner.run(SafeRunner.java:45)
	at org.eclipse.core.internal.events.BuildManager.basicBuild(BuildManager.java:337)
	at org.eclipse.core.internal.events.BuildManager.basicBuildLoop(BuildManager.java:389)
	at org.eclipse.core.internal.events.BuildManager.build(BuildManager.java:410)
	at org.eclipse.core.internal.events.AutoBuildJob.doBuild(AutoBuildJob.java:160)
	at org.eclipse.core.internal.events.AutoBuildJob.run(AutoBuildJob.java:251)
	at org.eclipse.core.internal.jobs.Worker.run(Worker.java:63)

!ENTRY org.python.pydev.shared_core 4 4 2021-12-04 23:58:23.077
!MESSAGE Did not expect to find item below node: Assign[targets=[Name[id=height, ctx=Store, reserved=false]], value=null, type=null] (module: debugInputDrillsV1 file: C:\Users\ITAUser\Desktop\python\inputs\debugInputDrillsV1.py row: 50).
!STACK 0
java.lang.RuntimeException: Did not expect to find item below node: Assign[targets=[Name[id=height, ctx=Store, reserved=false]], value=null, type=null] (module: debugInputDrillsV1 file: C:\Users\ITAUser\Desktop\python\inputs\debugInputDrillsV1.py row: 50).
	at org.python.pydev.core.log.Log.log(Log.java:33)
	at org.python.pydev.parser.fastparser.FastDefinitionsParser.endScopesInStack(FastDefinitionsParser.java:631)
	at org.python.pydev.parser.fastparser.FastDefinitionsParser.handleNewLine(FastDefinitionsParser.java:415)
	at org.python.pydev.parser.fastparser.FastDefinitionsParser.extractBody(FastDefinitionsParser.java:259)
	at org.python.pydev.parser.fastparser.FastDefinitionsParser.parse(FastDefinitionsParser.java:698)
	at org.python.pydev.parser.fastparser.FastDefinitionsParser.parse(FastDefinitionsParser.java:692)
	at org.python.pydev.parser.fastparser.FastDefinitionsParser.parse(FastDefinitionsParser.java:683)
	at com.python.pydev.analysis.additionalinfo.builders.AnalysisBuilderVisitor$1.call(AnalysisBuilderVisitor.java:122)
	at com.python.pydev.analysis.additionalinfo.builders.AnalysisBuilderVisitor$1.call(AnalysisBuilderVisitor.java:1)
	at com.python.pydev.analysis.additionalinfo.builders.AnalysisBuilderRunnable.<init>(AnalysisBuilderRunnable.java:199)
	at com.python.pydev.analysis.additionalinfo.builders.AnalysisBuilderRunnableFactory.createRunnable(AnalysisBuilderRunnableFactory.java:227)
	at com.python.pydev.analysis.additionalinfo.builders.AnalysisBuilderVisitor.doVisitChangedResource(AnalysisBuilderVisitor.java:248)
	at com.python.pydev.analysis.additionalinfo.builders.AnalysisBuilderVisitor.doVisitChangedResource(AnalysisBuilderVisitor.java:196)
	at com.python.pydev.analysis.additionalinfo.builders.AnalysisBuilderVisitor.visitChangedResource(AnalysisBuilderVisitor.java:137)
	at com.python.pydev.analysis.additionalinfo.builders.AnalysisBuilderVisitor.visitChangedResource(AnalysisBuilderVisitor.java:49)
	at org.python.pydev.ast.builder.PydevGrouperVisitor.visitWith(PydevGrouperVisitor.java:115)
	at org.python.pydev.ast.builder.PydevGrouperVisitor.visitChangedResource(PydevGrouperVisitor.java:166)
	at org.python.pydev.ast.builder.PydevGrouperVisitor.finishDelayedVisits(PydevGrouperVisitor.java:190)
	at org.python.pydev.ast.builder.PyDevBuilder.build(PyDevBuilder.java:130)
	at org.eclipse.core.internal.events.BuildManager$2.run(BuildManager.java:853)
	at org.eclipse.core.runtime.SafeRunner.run(SafeRunner.java:45)
	at org.eclipse.core.internal.events.BuildManager.basicBuild(BuildManager.java:232)
	at org.eclipse.core.internal.events.BuildManager.basicBuild(BuildManager.java:281)
	at org.eclipse.core.internal.events.BuildManager$1.run(BuildManager.java:334)
	at org.eclipse.core.runtime.SafeRunner.run(SafeRunner.java:45)
	at org.eclipse.core.internal.events.BuildManager.basicBuild(BuildManager.java:337)
	at org.eclipse.core.internal.events.BuildManager.basicBuildLoop(BuildManager.java:389)
	at org.eclipse.core.internal.events.BuildManager.build(BuildManager.java:410)
	at org.eclipse.core.internal.events.AutoBuildJob.doBuild(AutoBuildJob.java:160)
	at org.eclipse.core.internal.events.AutoBuildJob.run(AutoBuildJob.java:251)
	at org.eclipse.core.internal.jobs.Worker.run(Worker.java:63)

!ENTRY org.python.pydev.shared_core 4 4 2021-12-04 23:59:46.004
!MESSAGE Did not expect to find item below node: Assign[targets=[Name[id=height, ctx=Store, reserved=false]], value=null, type=null] (module: debugInputDrillsV1 file: C:\Users\ITAUser\Desktop\python\inputs\debugInputDrillsV1.py row: 49).
!STACK 0
java.lang.RuntimeException: Did not expect to find item below node: Assign[targets=[Name[id=height, ctx=Store, reserved=false]], value=null, type=null] (module: debugInputDrillsV1 file: C:\Users\ITAUser\Desktop\python\inputs\debugInputDrillsV1.py row: 49).
	at org.python.pydev.core.log.Log.log(Log.java:33)
	at org.python.pydev.parser.fastparser.FastDefinitionsParser.endScopesInStack(FastDefinitionsParser.java:631)
	at org.python.pydev.parser.fastparser.FastDefinitionsParser.handleNewLine(FastDefinitionsParser.java:415)
	at org.python.pydev.parser.fastparser.FastDefinitionsParser.extractBody(FastDefinitionsParser.java:259)
	at org.python.pydev.parser.fastparser.FastDefinitionsParser.parse(FastDefinitionsParser.java:698)
	at org.python.pydev.parser.fastparser.FastDefinitionsParser.parse(FastDefinitionsParser.java:692)
	at org.python.pydev.parser.fastparser.FastDefinitionsParser.parse(FastDefinitionsParser.java:683)
	at com.python.pydev.analysis.additionalinfo.builders.AnalysisBuilderVisitor$1.call(AnalysisBuilderVisitor.java:122)
	at com.python.pydev.analysis.additionalinfo.builders.AnalysisBuilderVisitor$1.call(AnalysisBuilderVisitor.java:1)
	at com.python.pydev.analysis.additionalinfo.builders.AnalysisBuilderRunnable.<init>(AnalysisBuilderRunnable.java:199)
	at com.python.pydev.analysis.additionalinfo.builders.AnalysisBuilderRunnableFactory.createRunnable(AnalysisBuilderRunnableFactory.java:227)
	at com.python.pydev.analysis.additionalinfo.builders.AnalysisBuilderVisitor.doVisitChangedResource(AnalysisBuilderVisitor.java:248)
	at com.python.pydev.analysis.additionalinfo.builders.AnalysisBuilderVisitor.doVisitChangedResource(AnalysisBuilderVisitor.java:196)
	at com.python.pydev.analysis.additionalinfo.builders.AnalysisBuilderVisitor.visitChangedResource(AnalysisBuilderVisitor.java:137)
	at com.python.pydev.analysis.additionalinfo.builders.AnalysisBuilderVisitor.visitChangedResource(AnalysisBuilderVisitor.java:49)
	at org.python.pydev.ast.builder.PydevGrouperVisitor.visitWith(PydevGrouperVisitor.java:115)
	at org.python.pydev.ast.builder.PydevGrouperVisitor.visitChangedResource(PydevGrouperVisitor.java:166)
	at org.python.pydev.ast.builder.PydevGrouperVisitor.finishDelayedVisits(PydevGrouperVisitor.java:190)
	at org.python.pydev.ast.builder.PyDevBuilder.build(PyDevBuilder.java:130)
	at org.eclipse.core.internal.events.BuildManager$2.run(BuildManager.java:853)
	at org.eclipse.core.runtime.SafeRunner.run(SafeRunner.java:45)
	at org.eclipse.core.internal.events.BuildManager.basicBuild(BuildManager.java:232)
	at org.eclipse.core.internal.events.BuildManager.basicBuild(BuildManager.java:281)
	at org.eclipse.core.internal.events.BuildManager$1.run(BuildManager.java:334)
	at org.eclipse.core.runtime.SafeRunner.run(SafeRunner.java:45)
	at org.eclipse.core.internal.events.BuildManager.basicBuild(BuildManager.java:337)
	at org.eclipse.core.internal.events.BuildManager.basicBuildLoop(BuildManager.java:389)
	at org.eclipse.core.internal.events.BuildManager.build(BuildManager.java:410)
	at org.eclipse.core.internal.events.AutoBuildJob.doBuild(AutoBuildJob.java:160)
	at org.eclipse.core.internal.events.AutoBuildJob.run(AutoBuildJob.java:251)
	at org.eclipse.core.internal.jobs.Worker.run(Worker.java:63)

!ENTRY org.python.pydev.shared_core 4 4 2021-12-04 23:59:46.005
!MESSAGE Did not expect to find item below node: Assign[targets=[Name[id=height, ctx=Store, reserved=false]], value=null, type=null] (module: debugInputDrillsV1 file: C:\Users\ITAUser\Desktop\python\inputs\debugInputDrillsV1.py row: 50).
!STACK 0
java.lang.RuntimeException: Did not expect to find item below node: Assign[targets=[Name[id=height, ctx=Store, reserved=false]], value=null, type=null] (module: debugInputDrillsV1 file: C:\Users\ITAUser\Desktop\python\inputs\debugInputDrillsV1.py row: 50).
	at org.python.pydev.core.log.Log.log(Log.java:33)
	at org.python.pydev.parser.fastparser.FastDefinitionsParser.endScopesInStack(FastDefinitionsParser.java:631)
	at org.python.pydev.parser.fastparser.FastDefinitionsParser.handleNewLine(FastDefinitionsParser.java:415)
	at org.python.pydev.parser.fastparser.FastDefinitionsParser.extractBody(FastDefinitionsParser.java:259)
	at org.python.pydev.parser.fastparser.FastDefinitionsParser.parse(FastDefinitionsParser.java:698)
	at org.python.pydev.parser.fastparser.FastDefinitionsParser.parse(FastDefinitionsParser.java:692)
	at org.python.pydev.parser.fastparser.FastDefinitionsParser.parse(FastDefinitionsParser.java:683)
	at com.python.pydev.analysis.additionalinfo.builders.AnalysisBuilderVisitor$1.call(AnalysisBuilderVisitor.java:122)
	at com.python.pydev.analysis.additionalinfo.builders.AnalysisBuilderVisitor$1.call(AnalysisBuilderVisitor.java:1)
	at com.python.pydev.analysis.additionalinfo.builders.AnalysisBuilderRunnable.<init>(AnalysisBuilderRunnable.java:199)
	at com.python.pydev.analysis.additionalinfo.builders.AnalysisBuilderRunnableFactory.createRunnable(AnalysisBuilderRunnableFactory.java:227)
	at com.python.pydev.analysis.additionalinfo.builders.AnalysisBuilderVisitor.doVisitChangedResource(AnalysisBuilderVisitor.java:248)
	at com.python.pydev.analysis.additionalinfo.builders.AnalysisBuilderVisitor.doVisitChangedResource(AnalysisBuilderVisitor.java:196)
	at com.python.pydev.analysis.additionalinfo.builders.AnalysisBuilderVisitor.visitChangedResource(AnalysisBuilderVisitor.java:137)
	at com.python.pydev.analysis.additionalinfo.builders.AnalysisBuilderVisitor.visitChangedResource(AnalysisBuilderVisitor.java:49)
	at org.python.pydev.ast.builder.PydevGrouperVisitor.visitWith(PydevGrouperVisitor.java:115)
	at org.python.pydev.ast.builder.PydevGrouperVisitor.visitChangedResource(PydevGrouperVisitor.java:166)
	at org.python.pydev.ast.builder.PydevGrouperVisitor.finishDelayedVisits(PydevGrouperVisitor.java:190)
	at org.python.pydev.ast.builder.PyDevBuilder.build(PyDevBuilder.java:130)
	at org.eclipse.core.internal.events.BuildManager$2.run(BuildManager.java:853)
	at org.eclipse.core.runtime.SafeRunner.run(SafeRunner.java:45)
	at org.eclipse.core.internal.events.BuildManager.basicBuild(BuildManager.java:232)
	at org.eclipse.core.internal.events.BuildManager.basicBuild(BuildManager.java:281)
	at org.eclipse.core.internal.events.BuildManager$1.run(BuildManager.java:334)
	at org.eclipse.core.runtime.SafeRunner.run(SafeRunner.java:45)
	at org.eclipse.core.internal.events.BuildManager.basicBuild(BuildManager.java:337)
	at org.eclipse.core.internal.events.BuildManager.basicBuildLoop(BuildManager.java:389)
	at org.eclipse.core.internal.events.BuildManager.build(BuildManager.java:410)
	at org.eclipse.core.internal.events.AutoBuildJob.doBuild(AutoBuildJob.java:160)
	at org.eclipse.core.internal.events.AutoBuildJob.run(AutoBuildJob.java:251)
	at org.eclipse.core.internal.jobs.Worker.run(Worker.java:63)

!ENTRY org.python.pydev.shared_core 4 4 2021-12-05 00:01:01.891
!MESSAGE Did not expect to find item below node: Assign[targets=[Name[id=width, ctx=Store, reserved=false]], value=null, type=null] (module: debugInputDrillsV1 file: C:\Users\ITAUser\Desktop\python\inputs\debugInputDrillsV1.py row: 50).
!STACK 0
java.lang.RuntimeException: Did not expect to find item below node: Assign[targets=[Name[id=width, ctx=Store, reserved=false]], value=null, type=null] (module: debugInputDrillsV1 file: C:\Users\ITAUser\Desktop\python\inputs\debugInputDrillsV1.py row: 50).
	at org.python.pydev.core.log.Log.log(Log.java:33)
	at org.python.pydev.parser.fastparser.FastDefinitionsParser.endScopesInStack(FastDefinitionsParser.java:631)
	at org.python.pydev.parser.fastparser.FastDefinitionsParser.handleNewLine(FastDefinitionsParser.java:415)
	at org.python.pydev.parser.fastparser.FastDefinitionsParser.extractBody(FastDefinitionsParser.java:259)
	at org.python.pydev.parser.fastparser.FastDefinitionsParser.parse(FastDefinitionsParser.java:698)
	at org.python.pydev.parser.fastparser.FastDefinitionsParser.parse(FastDefinitionsParser.java:692)
	at org.python.pydev.parser.fastparser.FastDefinitionsParser.parse(FastDefinitionsParser.java:683)
	at com.python.pydev.analysis.additionalinfo.builders.AnalysisBuilderVisitor$1.call(AnalysisBuilderVisitor.java:122)
	at com.python.pydev.analysis.additionalinfo.builders.AnalysisBuilderVisitor$1.call(AnalysisBuilderVisitor.java:1)
	at com.python.pydev.analysis.additionalinfo.builders.AnalysisBuilderRunnable.<init>(AnalysisBuilderRunnable.java:199)
	at com.python.pydev.analysis.additionalinfo.builders.AnalysisBuilderRunnableFactory.createRunnable(AnalysisBuilderRunnableFactory.java:227)
	at com.python.pydev.analysis.additionalinfo.builders.AnalysisBuilderVisitor.doVisitChangedResource(AnalysisBuilderVisitor.java:248)
	at com.python.pydev.analysis.additionalinfo.builders.AnalysisBuilderVisitor.doVisitChangedResource(AnalysisBuilderVisitor.java:196)
	at com.python.pydev.analysis.additionalinfo.builders.AnalysisBuilderVisitor.visitChangedResource(AnalysisBuilderVisitor.java:137)
	at com.python.pydev.analysis.additionalinfo.builders.AnalysisBuilderVisitor.visitChangedResource(AnalysisBuilderVisitor.java:49)
	at org.python.pydev.ast.builder.PydevGrouperVisitor.visitWith(PydevGrouperVisitor.java:115)
	at org.python.pydev.ast.builder.PydevGrouperVisitor.visitChangedResource(PydevGrouperVisitor.java:166)
	at org.python.pydev.ast.builder.PydevGrouperVisitor.finishDelayedVisits(PydevGrouperVisitor.java:190)
	at org.python.pydev.ast.builder.PyDevBuilder.build(PyDevBuilder.java:130)
	at org.eclipse.core.internal.events.BuildManager$2.run(BuildManager.java:853)
	at org.eclipse.core.runtime.SafeRunner.run(SafeRunner.java:45)
	at org.eclipse.core.internal.events.BuildManager.basicBuild(BuildManager.java:232)
	at org.eclipse.core.internal.events.BuildManager.basicBuild(BuildManager.java:281)
	at org.eclipse.core.internal.events.BuildManager$1.run(BuildManager.java:334)
	at org.eclipse.core.runtime.SafeRunner.run(SafeRunner.java:45)
	at org.eclipse.core.internal.events.BuildManager.basicBuild(BuildManager.java:337)
	at org.eclipse.core.internal.events.BuildManager.basicBuildLoop(BuildManager.java:389)
	at org.eclipse.core.internal.events.BuildManager.build(BuildManager.java:410)
	at org.eclipse.core.internal.events.AutoBuildJob.doBuild(AutoBuildJob.java:160)
	at org.eclipse.core.internal.events.AutoBuildJob.run(AutoBuildJob.java:251)
	at org.eclipse.core.internal.jobs.Worker.run(Worker.java:63)

!ENTRY org.python.pydev.shared_core 4 4 2021-12-05 00:06:44.772
!MESSAGE Did not expect to find item below node: Assign[targets=[Name[id=width, ctx=Store, reserved=false]], value=null, type=null] (module: debugInputDrillsV1 file: C:\Users\ITAUser\Desktop\python\inputs\debugInputDrillsV1.py row: 50).
!STACK 0
java.lang.RuntimeException: Did not expect to find item below node: Assign[targets=[Name[id=width, ctx=Store, reserved=false]], value=null, type=null] (module: debugInputDrillsV1 file: C:\Users\ITAUser\Desktop\python\inputs\debugInputDrillsV1.py row: 50).
	at org.python.pydev.core.log.Log.log(Log.java:33)
	at org.python.pydev.parser.fastparser.FastDefinitionsParser.endScopesInStack(FastDefinitionsParser.java:631)
	at org.python.pydev.parser.fastparser.FastDefinitionsParser.handleNewLine(FastDefinitionsParser.java:415)
	at org.python.pydev.parser.fastparser.FastDefinitionsParser.extractBody(FastDefinitionsParser.java:259)
	at org.python.pydev.parser.fastparser.FastDefinitionsParser.parse(FastDefinitionsParser.java:698)
	at org.python.pydev.parser.fastparser.FastDefinitionsParser.parse(FastDefinitionsParser.java:692)
	at org.python.pydev.parser.fastparser.FastDefinitionsParser.parse(FastDefinitionsParser.java:683)
	at com.python.pydev.analysis.additionalinfo.builders.AnalysisBuilderVisitor$1.call(AnalysisBuilderVisitor.java:122)
	at com.python.pydev.analysis.additionalinfo.builders.AnalysisBuilderVisitor$1.call(AnalysisBuilderVisitor.java:1)
	at com.python.pydev.analysis.additionalinfo.builders.AnalysisBuilderRunnable.<init>(AnalysisBuilderRunnable.java:199)
	at com.python.pydev.analysis.additionalinfo.builders.AnalysisBuilderRunnableFactory.createRunnable(AnalysisBuilderRunnableFactory.java:227)
	at com.python.pydev.analysis.additionalinfo.builders.AnalysisBuilderVisitor.doVisitChangedResource(AnalysisBuilderVisitor.java:248)
	at com.python.pydev.analysis.additionalinfo.builders.AnalysisBuilderVisitor.doVisitChangedResource(AnalysisBuilderVisitor.java:196)
	at com.python.pydev.analysis.additionalinfo.builders.AnalysisBuilderVisitor.visitChangedResource(AnalysisBuilderVisitor.java:137)
	at com.python.pydev.analysis.additionalinfo.builders.AnalysisBuilderVisitor.visitChangedResource(AnalysisBuilderVisitor.java:49)
	at org.python.pydev.ast.builder.PydevGrouperVisitor.visitWith(PydevGrouperVisitor.java:115)
	at org.python.pydev.ast.builder.PydevGrouperVisitor.visitChangedResource(PydevGrouperVisitor.java:166)
	at org.python.pydev.ast.builder.PydevGrouperVisitor.finishDelayedVisits(PydevGrouperVisitor.java:190)
	at org.python.pydev.ast.builder.PyDevBuilder.build(PyDevBuilder.java:130)
	at org.eclipse.core.internal.events.BuildManager$2.run(BuildManager.java:853)
	at org.eclipse.core.runtime.SafeRunner.run(SafeRunner.java:45)
	at org.eclipse.core.internal.events.BuildManager.basicBuild(BuildManager.java:232)
	at org.eclipse.core.internal.events.BuildManager.basicBuild(BuildManager.java:281)
	at org.eclipse.core.internal.events.BuildManager$1.run(BuildManager.java:334)
	at org.eclipse.core.runtime.SafeRunner.run(SafeRunner.java:45)
	at org.eclipse.core.internal.events.BuildManager.basicBuild(BuildManager.java:337)
	at org.eclipse.core.internal.events.BuildManager.basicBuildLoop(BuildManager.java:389)
	at org.eclipse.core.internal.events.BuildManager.build(BuildManager.java:410)
	at org.eclipse.core.internal.events.AutoBuildJob.doBuild(AutoBuildJob.java:160)
	at org.eclipse.core.internal.events.AutoBuildJob.run(AutoBuildJob.java:251)
	at org.eclipse.core.internal.jobs.Worker.run(Worker.java:63)

!ENTRY org.python.pydev.shared_core 4 4 2021-12-05 14:55:34.578
!MESSAGE Info: Rebuilding internal caches: C:\Users\ITAUser\Desktop\python\.metadata\.plugins\org.eclipse.core.resources\.projects\survey\com.python.pydev.analysis\AdditionalProjectInterpreterInfo.pydevinfo (Expected error to be provided and got no error!)
!SESSION 2022-01-23 17:06:50.008 -----------------------------------------------
eclipse.buildId=unknown
java.version=14.0.2
java.vendor=AdoptOpenJDK
BootLoader constants: OS=win32, ARCH=x86_64, WS=win32, NL=en_US
Command-line arguments:  -os win32 -ws win32 -arch x86_64

!ENTRY org.eclipse.core.resources 2 10035 2022-01-23 17:06:54.391
!MESSAGE The workspace exited with unsaved changes in the previous session; refreshing workspace to recover changes.

!ENTRY org.eclipse.egit.ui 2 0 2022-01-23 17:07:03.864
!MESSAGE Warning: The environment variable HOME is not set. The following directory will be used to store the Git
user global configuration and to define the default location to store repositories: 'C:\Users\ITAUser'. If this is
not correct please set the HOME environment variable and restart Eclipse. Otherwise Git for Windows and
EGit might behave differently since they see different configuration options.
This warning can be switched off on the Team > Git > Confirmations and Warnings preference page.

!ENTRY org.brainwy.liclipsetext.shared_core 4 4 2022-01-23 17:07:06.461
!MESSAGE C:\Program Files\Brainwy\LiClipse 8.1.0\plugins\com.brainwy.liclipse.editor_8.1.0.202110030926\etc\daj4etzb11kc8zewhvx9qr8od (The system cannot find the path specified)
!STACK 0
java.io.FileNotFoundException: C:\Program Files\Brainwy\LiClipse 8.1.0\plugins\com.brainwy.liclipse.editor_8.1.0.202110030926\etc\daj4etzb11kc8zewhvx9qr8od (The system cannot find the path specified)
	at java.base/java.io.FileOutputStream.open0(Native Method)
	at java.base/java.io.FileOutputStream.open(Unknown Source)
	at java.base/java.io.FileOutputStream.<init>(Unknown Source)
	at java.base/java.io.FileOutputStream.<init>(Unknown Source)
	at org.brainwy.liclipsetext.shared_core.io.FileUtils.writeBytesToFile(FileUtils.java:140)
	at org.brainwy.liclipsetext.shared_core.io.FileUtils.writeStrToFile(FileUtils.java:133)
	at com.brainwy.liclipse.editor.lic.CheckRegistered.run(CheckRegistered.java:146)
!SESSION 2022-02-01 20:11:36.316 -----------------------------------------------
eclipse.buildId=unknown
java.version=14.0.2
java.vendor=AdoptOpenJDK
BootLoader constants: OS=win32, ARCH=x86_64, WS=win32, NL=en_US
Command-line arguments:  -os win32 -ws win32 -arch x86_64

!ENTRY org.eclipse.egit.ui 2 0 2022-02-01 20:11:47.138
!MESSAGE Warning: The environment variable HOME is not set. The following directory will be used to store the Git
user global configuration and to define the default location to store repositories: 'C:\Users\ITAUser'. If this is
not correct please set the HOME environment variable and restart Eclipse. Otherwise Git for Windows and
EGit might behave differently since they see different configuration options.
This warning can be switched off on the Team > Git > Confirmations and Warnings preference page.

!ENTRY org.brainwy.liclipsetext.shared_core 4 4 2022-02-01 20:11:49.510
!MESSAGE C:\Program Files\Brainwy\LiClipse 8.1.0\plugins\com.brainwy.liclipse.editor_8.1.0.202110030926\etc\daj4etzb11kc8zewhvx9qr8od (The system cannot find the path specified)
!STACK 0
java.io.FileNotFoundException: C:\Program Files\Brainwy\LiClipse 8.1.0\plugins\com.brainwy.liclipse.editor_8.1.0.202110030926\etc\daj4etzb11kc8zewhvx9qr8od (The system cannot find the path specified)
	at java.base/java.io.FileOutputStream.open0(Native Method)
	at java.base/java.io.FileOutputStream.open(Unknown Source)
	at java.base/java.io.FileOutputStream.<init>(Unknown Source)
	at java.base/java.io.FileOutputStream.<init>(Unknown Source)
	at org.brainwy.liclipsetext.shared_core.io.FileUtils.writeBytesToFile(FileUtils.java:140)
	at org.brainwy.liclipsetext.shared_core.io.FileUtils.writeStrToFile(FileUtils.java:133)
	at com.brainwy.liclipse.editor.lic.CheckRegistered.run(CheckRegistered.java:146)

!ENTRY org.python.pydev.shared_core 4 4 2022-02-01 20:16:15.294
!MESSAGE Info: Rebuilding internal caches: C:\Users\ITAUser\Desktop\python\.metadata\.plugins\org.eclipse.core.resources\.projects\mathamaticalOperations\com.python.pydev.analysis\AdditionalProjectInterpreterInfo.pydevinfo (Expected error to be provided and got no error!)

!ENTRY org.python.pydev.shared_core 4 4 2022-02-01 21:21:06.832
!MESSAGE Info: Rebuilding internal caches: C:\Users\ITAUser\Desktop\python\.metadata\.plugins\org.eclipse.core.resources\.projects\comparisons\com.python.pydev.analysis\AdditionalProjectInterpreterInfo.pydevinfo (Expected error to be provided and got no error!)
!SESSION 2022-02-27 19:00:07.270 -----------------------------------------------
eclipse.buildId=unknown
java.version=14.0.2
java.vendor=AdoptOpenJDK
BootLoader constants: OS=win32, ARCH=x86_64, WS=win32, NL=en_US
Command-line arguments:  -os win32 -ws win32 -arch x86_64 -data C:\Users\ITAUser\Desktop\python

!ENTRY org.eclipse.egit.ui 2 0 2022-02-27 19:00:13.337
!MESSAGE Warning: The environment variable HOME is not set. The following directory will be used to store the Git
user global configuration and to define the default location to store repositories: 'C:\Users\ITAUser'. If this is
not correct please set the HOME environment variable and restart Eclipse. Otherwise Git for Windows and
EGit might behave differently since they see different configuration options.
This warning can be switched off on the Team > Git > Confirmations and Warnings preference page.

!ENTRY org.brainwy.liclipsetext.shared_core 4 4 2022-02-27 19:00:15.427
!MESSAGE C:\Program Files\Brainwy\LiClipse 8.1.0\plugins\com.brainwy.liclipse.editor_8.1.0.202110030926\etc\daj4etzb11kc8zewhvx9qr8od (The system cannot find the path specified)
!STACK 0
java.io.FileNotFoundException: C:\Program Files\Brainwy\LiClipse 8.1.0\plugins\com.brainwy.liclipse.editor_8.1.0.202110030926\etc\daj4etzb11kc8zewhvx9qr8od (The system cannot find the path specified)
	at java.base/java.io.FileOutputStream.open0(Native Method)
	at java.base/java.io.FileOutputStream.open(Unknown Source)
	at java.base/java.io.FileOutputStream.<init>(Unknown Source)
	at java.base/java.io.FileOutputStream.<init>(Unknown Source)
	at org.brainwy.liclipsetext.shared_core.io.FileUtils.writeBytesToFile(FileUtils.java:140)
	at org.brainwy.liclipsetext.shared_core.io.FileUtils.writeStrToFile(FileUtils.java:133)
	at com.brainwy.liclipse.editor.lic.CheckRegistered.run(CheckRegistered.java:146)

!ENTRY org.python.pydev.shared_core 4 4 2022-02-27 20:09:04.012
!MESSAGE Info: Rebuilding internal caches: C:\Users\ITAUser\Desktop\python\.metadata\.plugins\org.eclipse.core.resources\.projects\conversions\com.python.pydev.analysis\AdditionalProjectInterpreterInfo.pydevinfo (Expected error to be provided and got no error!)

!ENTRY org.python.pydev.shared_core 4 4 2022-02-27 20:53:30.731
!MESSAGE Info: Rebuilding internal caches: C:\Users\ITAUser\Desktop\python\.metadata\.plugins\org.eclipse.core.resources\.projects\logicalOperators\com.python.pydev.analysis\AdditionalProjectInterpreterInfo.pydevinfo (Expected error to be provided and got no error!)
!SESSION 2022-03-09 21:13:01.910 -----------------------------------------------
eclipse.buildId=unknown
java.version=14.0.2
java.vendor=AdoptOpenJDK
BootLoader constants: OS=win32, ARCH=x86_64, WS=win32, NL=en_US
Command-line arguments:  -os win32 -ws win32 -arch x86_64

!ENTRY org.eclipse.core.resources 2 10035 2022-03-09 21:13:05.518
!MESSAGE The workspace exited with unsaved changes in the previous session; refreshing workspace to recover changes.

!ENTRY org.eclipse.egit.ui 2 0 2022-03-09 21:13:13.305
!MESSAGE Warning: The environment variable HOME is not set. The following directory will be used to store the Git
user global configuration and to define the default location to store repositories: 'C:\Users\ITAUser'. If this is
not correct please set the HOME environment variable and restart Eclipse. Otherwise Git for Windows and
EGit might behave differently since they see different configuration options.
This warning can be switched off on the Team > Git > Confirmations and Warnings preference page.

!ENTRY org.brainwy.liclipsetext.shared_core 4 4 2022-03-09 21:13:15.681
!MESSAGE C:\Program Files\Brainwy\LiClipse 8.1.0\plugins\com.brainwy.liclipse.editor_8.1.0.202110030926\etc\daj4etzb11kc8zewhvx9qr8od (The system cannot find the path specified)
!STACK 0
java.io.FileNotFoundException: C:\Program Files\Brainwy\LiClipse 8.1.0\plugins\com.brainwy.liclipse.editor_8.1.0.202110030926\etc\daj4etzb11kc8zewhvx9qr8od (The system cannot find the path specified)
	at java.base/java.io.FileOutputStream.open0(Native Method)
	at java.base/java.io.FileOutputStream.open(Unknown Source)
	at java.base/java.io.FileOutputStream.<init>(Unknown Source)
	at java.base/java.io.FileOutputStream.<init>(Unknown Source)
	at org.brainwy.liclipsetext.shared_core.io.FileUtils.writeBytesToFile(FileUtils.java:140)
	at org.brainwy.liclipsetext.shared_core.io.FileUtils.writeStrToFile(FileUtils.java:133)
	at com.brainwy.liclipse.editor.lic.CheckRegistered.run(CheckRegistered.java:146)

!ENTRY org.python.pydev.shared_core 4 4 2022-03-09 21:14:03.674
!MESSAGE Info: Rebuilding internal caches: C:\Users\ITAUser\Desktop\python\.metadata\.plugins\org.eclipse.core.resources\.projects\conditionalStatements\com.python.pydev.analysis\AdditionalProjectInterpreterInfo.pydevinfo (Expected error to be provided and got no error!)

!ENTRY org.python.pydev.shared_core 4 4 2022-03-09 22:18:53.703
!MESSAGE Info: Rebuilding internal caches: C:\Users\ITAUser\Desktop\python\.metadata\.plugins\org.eclipse.core.resources\.projects\quiz\com.python.pydev.analysis\AdditionalProjectInterpreterInfo.pydevinfo (Expected error to be provided and got no error!)
!SESSION 2022-03-10 22:07:28.630 -----------------------------------------------
eclipse.buildId=unknown
java.version=14.0.2
java.vendor=AdoptOpenJDK
BootLoader constants: OS=win32, ARCH=x86_64, WS=win32, NL=en_US
Command-line arguments:  -os win32 -ws win32 -arch x86_64

!ENTRY org.eclipse.core.resources 2 10035 2022-03-10 22:07:32.145
!MESSAGE The workspace exited with unsaved changes in the previous session; refreshing workspace to recover changes.

!ENTRY org.eclipse.egit.ui 2 0 2022-03-10 22:07:39.647
!MESSAGE Warning: The environment variable HOME is not set. The following directory will be used to store the Git
user global configuration and to define the default location to store repositories: 'C:\Users\ITAUser'. If this is
not correct please set the HOME environment variable and restart Eclipse. Otherwise Git for Windows and
EGit might behave differently since they see different configuration options.
This warning can be switched off on the Team > Git > Confirmations and Warnings preference page.

!ENTRY org.brainwy.liclipsetext.shared_core 4 4 2022-03-10 22:07:41.947
!MESSAGE C:\Program Files\Brainwy\LiClipse 8.1.0\plugins\com.brainwy.liclipse.editor_8.1.0.202110030926\etc\daj4etzb11kc8zewhvx9qr8od (The system cannot find the path specified)
!STACK 0
java.io.FileNotFoundException: C:\Program Files\Brainwy\LiClipse 8.1.0\plugins\com.brainwy.liclipse.editor_8.1.0.202110030926\etc\daj4etzb11kc8zewhvx9qr8od (The system cannot find the path specified)
	at java.base/java.io.FileOutputStream.open0(Native Method)
	at java.base/java.io.FileOutputStream.open(Unknown Source)
	at java.base/java.io.FileOutputStream.<init>(Unknown Source)
	at java.base/java.io.FileOutputStream.<init>(Unknown Source)
	at org.brainwy.liclipsetext.shared_core.io.FileUtils.writeBytesToFile(FileUtils.java:140)
	at org.brainwy.liclipsetext.shared_core.io.FileUtils.writeStrToFile(FileUtils.java:133)
	at com.brainwy.liclipse.editor.lic.CheckRegistered.run(CheckRegistered.java:146)
